[2026-03-31 11:16:25Z INFO HostContext] No proxy settings were found based on environmental variables (http_proxy/https_proxy/HTTP_PROXY/HTTPS_PROXY)
[2026-03-31 11:16:25Z INFO HostContext] Well known directory 'Bin': 'C:\Users\minky\OneDrive - 경희대학교\2026-1\오픈소스\2025101824_이민규_HW2\actions-runner\bin'
[2026-03-31 11:16:25Z INFO HostContext] Well known directory 'Root': 'C:\Users\minky\OneDrive - 경희대학교\2026-1\오픈소스\2025101824_이민규_HW2\actions-runner'
[2026-03-31 11:16:25Z INFO HostContext] Well known config file 'Credentials': 'C:\Users\minky\OneDrive - 경희대학교\2026-1\오픈소스\2025101824_이민규_HW2\actions-runner\.credentials'
[2026-03-31 11:16:26Z INFO HostContext] Well known directory 'Bin': 'C:\Users\minky\OneDrive - 경희대학교\2026-1\오픈소스\2025101824_이민규_HW2\actions-runner\bin'
[2026-03-31 11:16:26Z INFO HostContext] Well known directory 'Root': 'C:\Users\minky\OneDrive - 경희대학교\2026-1\오픈소스\2025101824_이민규_HW2\actions-runner'
[2026-03-31 11:16:26Z INFO HostContext] Well known config file 'Runner': 'C:\Users\minky\OneDrive - 경희대학교\2026-1\오픈소스\2025101824_이민규_HW2\actions-runner\.runner'
[2026-03-31 11:16:26Z INFO Listener] Runner is built for Windows (X64) - win-x64.
[2026-03-31 11:16:26Z INFO Listener] RuntimeInformation: Microsoft Windows 10.0.26200.
[2026-03-31 11:16:26Z INFO Listener] Version: 2.333.1
[2026-03-31 11:16:26Z INFO Listener] Commit: 6792966801e8925346735b68c03bf9f347af4646
[2026-03-31 11:16:26Z INFO Listener] Culture: ko-KR
[2026-03-31 11:16:26Z INFO Listener] UI Culture: ko-KR
[2026-03-31 11:16:26Z INFO HostContext] Well known directory 'Bin': 'C:\Users\minky\OneDrive - 경희대학교\2026-1\오픈소스\2025101824_이민규_HW2\actions-runner\bin'
[2026-03-31 11:16:26Z INFO HostContext] Well known directory 'Root': 'C:\Users\minky\OneDrive - 경희대학교\2026-1\오픈소스\2025101824_이민규_HW2\actions-runner'
[2026-03-31 11:16:26Z INFO Listener] Validating directory permissions for: 'C:\Users\minky\OneDrive - 경희대학교\2026-1\오픈소스\2025101824_이민규_HW2\actions-runner'
[2026-03-31 11:16:26Z INFO CommandLineParser] Parse
[2026-03-31 11:16:26Z INFO CommandLineParser] Parsing 1 args
[2026-03-31 11:16:26Z INFO CommandLineParser] parsing argument
[2026-03-31 11:16:26Z INFO CommandLineParser] HasArgs: False
[2026-03-31 11:16:26Z INFO CommandLineParser] Adding Command: run
[2026-03-31 11:16:26Z INFO Listener] Arguments parsed
[2026-03-31 11:16:26Z INFO Runner] ExecuteCommand
[2026-03-31 11:16:26Z INFO ConfigurationStore] currentAssemblyLocation: C:\Users\minky\OneDrive - 경희대학교\2026-1\오픈소스\2025101824_이민규_HW2\actions-runner\bin\Runner.Listener.dll
[2026-03-31 11:16:26Z INFO HostContext] Well known directory 'Bin': 'C:\Users\minky\OneDrive - 경희대학교\2026-1\오픈소스\2025101824_이민규_HW2\actions-runner\bin'
[2026-03-31 11:16:26Z INFO ConfigurationStore] binPath: C:\Users\minky\OneDrive - 경희대학교\2026-1\오픈소스\2025101824_이민규_HW2\actions-runner\bin
[2026-03-31 11:16:26Z INFO HostContext] Well known directory 'Bin': 'C:\Users\minky\OneDrive - 경희대학교\2026-1\오픈소스\2025101824_이민규_HW2\actions-runner\bin'
[2026-03-31 11:16:26Z INFO HostContext] Well known directory 'Root': 'C:\Users\minky\OneDrive - 경희대학교\2026-1\오픈소스\2025101824_이민규_HW2\actions-runner'
[2026-03-31 11:16:26Z INFO ConfigurationStore] RootFolder: C:\Users\minky\OneDrive - 경희대학교\2026-1\오픈소스\2025101824_이민규_HW2\actions-runner
[2026-03-31 11:16:26Z INFO HostContext] Well known directory 'Bin': 'C:\Users\minky\OneDrive - 경희대학교\2026-1\오픈소스\2025101824_이민규_HW2\actions-runner\bin'
[2026-03-31 11:16:26Z INFO HostContext] Well known directory 'Root': 'C:\Users\minky\OneDrive - 경희대학교\2026-1\오픈소스\2025101824_이민규_HW2\actions-runner'
[2026-03-31 11:16:26Z INFO HostContext] Well known config file 'Runner': 'C:\Users\minky\OneDrive - 경희대학교\2026-1\오픈소스\2025101824_이민규_HW2\actions-runner\.runner'
[2026-03-31 11:16:26Z INFO ConfigurationStore] ConfigFilePath: C:\Users\minky\OneDrive - 경희대학교\2026-1\오픈소스\2025101824_이민규_HW2\actions-runner\.runner
[2026-03-31 11:16:26Z INFO HostContext] Well known directory 'Bin': 'C:\Users\minky\OneDrive - 경희대학교\2026-1\오픈소스\2025101824_이민규_HW2\actions-runner\bin'
[2026-03-31 11:16:26Z INFO HostContext] Well known directory 'Root': 'C:\Users\minky\OneDrive - 경희대학교\2026-1\오픈소스\2025101824_이민규_HW2\actions-runner'
[2026-03-31 11:16:26Z INFO HostContext] Well known config file 'MigratedRunner': 'C:\Users\minky\OneDrive - 경희대학교\2026-1\오픈소스\2025101824_이민규_HW2\actions-runner\.runner_migrated'
[2026-03-31 11:16:26Z INFO ConfigurationStore] MigratedConfigFilePath: C:\Users\minky\OneDrive - 경희대학교\2026-1\오픈소스\2025101824_이민규_HW2\actions-runner\.runner_migrated
[2026-03-31 11:16:26Z INFO HostContext] Well known directory 'Bin': 'C:\Users\minky\OneDrive - 경희대학교\2026-1\오픈소스\2025101824_이민규_HW2\actions-runner\bin'
[2026-03-31 11:16:26Z INFO HostContext] Well known directory 'Root': 'C:\Users\minky\OneDrive - 경희대학교\2026-1\오픈소스\2025101824_이민규_HW2\actions-runner'
[2026-03-31 11:16:26Z INFO HostContext] Well known config file 'Credentials': 'C:\Users\minky\OneDrive - 경희대학교\2026-1\오픈소스\2025101824_이민규_HW2\actions-runner\.credentials'
[2026-03-31 11:16:26Z INFO ConfigurationStore] CredFilePath: C:\Users\minky\OneDrive - 경희대학교\2026-1\오픈소스\2025101824_이민규_HW2\actions-runner\.credentials
[2026-03-31 11:16:26Z INFO HostContext] Well known directory 'Bin': 'C:\Users\minky\OneDrive - 경희대학교\2026-1\오픈소스\2025101824_이민규_HW2\actions-runner\bin'
[2026-03-31 11:16:26Z INFO HostContext] Well known directory 'Root': 'C:\Users\minky\OneDrive - 경희대학교\2026-1\오픈소스\2025101824_이민규_HW2\actions-runner'
[2026-03-31 11:16:26Z INFO HostContext] Well known config file 'MigratedCredentials': 'C:\Users\minky\OneDrive - 경희대학교\2026-1\오픈소스\2025101824_이민규_HW2\actions-runner\.credentials_migrated'
[2026-03-31 11:16:26Z INFO ConfigurationStore] MigratedCredFilePath: C:\Users\minky\OneDrive - 경희대학교\2026-1\오픈소스\2025101824_이민규_HW2\actions-runner\.credentials_migrated
[2026-03-31 11:16:26Z INFO HostContext] Well known directory 'Bin': 'C:\Users\minky\OneDrive - 경희대학교\2026-1\오픈소스\2025101824_이민규_HW2\actions-runner\bin'
[2026-03-31 11:16:26Z INFO HostContext] Well known directory 'Root': 'C:\Users\minky\OneDrive - 경희대학교\2026-1\오픈소스\2025101824_이민규_HW2\actions-runner'
[2026-03-31 11:16:26Z INFO HostContext] Well known config file 'Service': 'C:\Users\minky\OneDrive - 경희대학교\2026-1\오픈소스\2025101824_이민규_HW2\actions-runner\.service'
[2026-03-31 11:16:26Z INFO ConfigurationStore] ServiceConfigFilePath: C:\Users\minky\OneDrive - 경희대학교\2026-1\오픈소스\2025101824_이민규_HW2\actions-runner\.service
[2026-03-31 11:16:26Z INFO CommandSettings] Flag 'help': 'False'
[2026-03-31 11:16:26Z INFO CommandSettings] Flag 'version': 'False'
[2026-03-31 11:16:26Z INFO CommandSettings] Flag 'commit': 'False'
[2026-03-31 11:16:26Z INFO CommandSettings] Flag 'check': 'False'
[2026-03-31 11:16:26Z INFO CommandSettings] Command 'configure': 'False'
[2026-03-31 11:16:26Z INFO CommandSettings] Command 'remove': 'False'
[2026-03-31 11:16:26Z INFO CommandSettings] Command 'warmup': 'False'
[2026-03-31 11:16:26Z INFO ConfigurationManager] LoadSettings
[2026-03-31 11:16:26Z INFO ConfigurationStore] IsConfigured()
[2026-03-31 11:16:26Z INFO ConfigurationStore] IsConfigured: True
[2026-03-31 11:16:26Z INFO ConfigurationManager] Is configured: True
[2026-03-31 11:16:26Z INFO ConfigurationStore] Read setting file: 390 chars
[2026-03-31 11:16:26Z INFO ConfigurationManager] Settings Loaded
[2026-03-31 11:16:26Z INFO ConfigurationStore] IsServiceConfigured()
[2026-03-31 11:16:26Z INFO ConfigurationStore] IsServiceConfigured: False
[2026-03-31 11:16:26Z INFO CommandSettings] Command 'run': 'True'
[2026-03-31 11:16:26Z INFO ConfigurationStore] IsConfigured()
[2026-03-31 11:16:26Z INFO ConfigurationStore] IsConfigured: True
[2026-03-31 11:16:26Z INFO ConfigurationManager] Is configured: True
[2026-03-31 11:16:26Z INFO Runner] Could not parse the argument value '' for StartupType. Defaulting to Manual
[2026-03-31 11:16:26Z INFO Runner] Set runner startup type - Manual
[2026-03-31 11:16:26Z INFO CommandSettings] Flag 'once': 'False'
[2026-03-31 11:16:26Z INFO CommandSettings] Flag 'once': 'False'
[2026-03-31 11:16:26Z INFO Runner] RunAsync
[2026-03-31 11:16:26Z INFO HostContext] Well known directory 'Bin': 'C:\Users\minky\OneDrive - 경희대학교\2026-1\오픈소스\2025101824_이민규_HW2\actions-runner\bin'
[2026-03-31 11:16:26Z INFO HostContext] Well known directory 'Root': 'C:\Users\minky\OneDrive - 경희대학교\2026-1\오픈소스\2025101824_이민규_HW2\actions-runner'
[2026-03-31 11:16:26Z INFO HostContext] Well known directory 'Work': 'C:\Users\minky\OneDrive - 경희대학교\2026-1\오픈소스\2025101824_이민규_HW2\actions-runner\_work'
[2026-03-31 11:16:26Z INFO Runner] Validating directory permissions for: 'C:\Users\minky\OneDrive - 경희대학교\2026-1\오픈소스\2025101824_이민규_HW2\actions-runner\_work'
[2026-03-31 11:16:26Z INFO ConfigurationManager] LoadMigratedSettings
[2026-03-31 11:16:26Z INFO ConfigurationStore] IsMigratedConfigured()
[2026-03-31 11:16:26Z INFO ConfigurationStore] IsMigratedConfigured: False
[2026-03-31 11:16:26Z INFO Runner] Failed to load migrated settings: No migrated configuration found.
[2026-03-31 11:16:26Z INFO Runner] Falling back to original .runner settings
[2026-03-31 11:16:26Z INFO Runner] Using BrokerMessageListener
[2026-03-31 11:16:26Z INFO BrokerMessageListener] Using provided settings
[2026-03-31 11:16:26Z INFO BrokerMessageListener] {
  "AgentId": 2,
  "AgentName": "DESKTOP-PHJ0FAT",
  "PoolId": 1,
  "PoolName": "Default",
  "ServerUrl": "https://pipelinesghubeus15.actions.githubusercontent.com/w8oGnHK6If0ELAVncOEZHBPWHM5pj5qWbnnbyxRPoPxRxcUxjr/",
  "GitHubUrl": "https://github.com/smkl333/HW2",
  "WorkFolder": "_work",
  "UseV2Flow": true,
  "ServerUrlV2": "https://broker.actions.githubusercontent.com/"
}
[2026-03-31 11:16:26Z INFO BrokerMessageListener] Loading Credentials
[2026-03-31 11:16:26Z INFO ConfigurationStore] HasCredentials()
[2026-03-31 11:16:26Z INFO ConfigurationStore] stored True
[2026-03-31 11:16:26Z INFO CredentialManager] GetCredentialProvider
[2026-03-31 11:16:26Z INFO CredentialManager] Creating type OAuth
[2026-03-31 11:16:26Z INFO CredentialManager] Creating credential type: OAuth
[2026-03-31 11:16:26Z INFO HostContext] Well known directory 'Bin': 'C:\Users\minky\OneDrive - 경희대학교\2026-1\오픈소스\2025101824_이민규_HW2\actions-runner\bin'
[2026-03-31 11:16:26Z INFO HostContext] Well known directory 'Root': 'C:\Users\minky\OneDrive - 경희대학교\2026-1\오픈소스\2025101824_이민규_HW2\actions-runner'
[2026-03-31 11:16:26Z INFO HostContext] Well known config file 'RSACredentials': 'C:\Users\minky\OneDrive - 경희대학교\2026-1\오픈소스\2025101824_이민규_HW2\actions-runner\.credentials_rsaparams'
[2026-03-31 11:16:26Z INFO RSAEncryptedFileKeyManager] Loading RSA key parameters from file C:\Users\minky\OneDrive - 경희대학교\2026-1\오픈소스\2025101824_이민규_HW2\actions-runner\.credentials_rsaparams
[2026-03-31 11:16:26Z INFO BrokerMessageListener] Attempt to create session.
[2026-03-31 11:16:26Z INFO BrokerMessageListener] Connecting to the Broker Server...
[2026-03-31 11:16:26Z INFO ConfigurationStore] HasCredentials()
[2026-03-31 11:16:26Z INFO ConfigurationStore] stored True
[2026-03-31 11:16:26Z INFO CredentialManager] GetCredentialProvider
[2026-03-31 11:16:26Z INFO CredentialManager] Creating type OAuth
[2026-03-31 11:16:26Z INFO CredentialManager] Creating credential type: OAuth
[2026-03-31 11:16:26Z INFO RSAEncryptedFileKeyManager] Loading RSA key parameters from file C:\Users\minky\OneDrive - 경희대학교\2026-1\오픈소스\2025101824_이민규_HW2\actions-runner\.credentials_rsaparams
[2026-03-31 11:16:26Z INFO BrokerMessageListener] VssConnection created
[2026-03-31 11:16:26Z INFO BrokerMessageListener] Connecting to the Runner server...
[2026-03-31 11:16:26Z INFO RunnerServer] EstablishVssConnection
[2026-03-31 11:16:26Z INFO RunnerServer] Establish connection with 100 seconds timeout.
[2026-03-31 11:16:26Z INFO GitHubActionsService] Starting operation Location.GetConnectionData
[2026-03-31 11:16:26Z INFO RunnerServer] EstablishVssConnection
[2026-03-31 11:16:26Z INFO RunnerServer] Establish connection with 60 seconds timeout.
[2026-03-31 11:16:26Z INFO GitHubActionsService] Starting operation Location.GetConnectionData
[2026-03-31 11:16:26Z INFO RunnerServer] EstablishVssConnection
[2026-03-31 11:16:26Z INFO RunnerServer] Establish connection with 60 seconds timeout.
[2026-03-31 11:16:26Z INFO GitHubActionsService] Starting operation Location.GetConnectionData
[2026-03-31 11:16:27Z INFO GitHubActionsService] Finished operation Location.GetConnectionData
[2026-03-31 11:16:27Z INFO GitHubActionsService] Finished operation Location.GetConnectionData
[2026-03-31 11:16:27Z INFO GitHubActionsService] Finished operation Location.GetConnectionData
[2026-03-31 11:16:27Z INFO BrokerMessageListener] VssConnection created
[2026-03-31 11:16:27Z INFO Terminal] WRITE LINE: 
[2026-03-31 11:16:27Z INFO Terminal] WRITE LINE: 
[2026-03-31 11:16:27Z INFO RSAEncryptedFileKeyManager] Loading RSA key parameters from file C:\Users\minky\OneDrive - 경희대학교\2026-1\오픈소스\2025101824_이민규_HW2\actions-runner\.credentials_rsaparams
[2026-03-31 11:16:27Z INFO RSAEncryptedFileKeyManager] Loading RSA key parameters from file C:\Users\minky\OneDrive - 경희대학교\2026-1\오픈소스\2025101824_이민규_HW2\actions-runner\.credentials_rsaparams
[2026-03-31 11:16:27Z INFO GitHubActionsService] AAD Correlation ID for this token request: Unknown
[2026-03-31 11:16:28Z INFO BrokerMessageListener] Session created.
[2026-03-31 11:16:28Z INFO Terminal] WRITE LINE: Current runner version: '2.333.1'
[2026-03-31 11:16:28Z INFO Terminal] WRITE LINE: 2026-03-31 11:16:28Z: Listening for Jobs
[2026-03-31 11:16:28Z INFO JobDispatcher] Set runner/worker IPC timeout to 30 seconds.
[2026-03-31 11:16:29Z INFO BrokerMessageListener] Acknowledging runner request '57288c7c-037a-5aab-8a3c-31f428b7b94f'.
[2026-03-31 11:16:29Z INFO ConfigurationStore] HasCredentials()
[2026-03-31 11:16:29Z INFO ConfigurationStore] stored True
[2026-03-31 11:16:29Z INFO CredentialManager] GetCredentialProvider
[2026-03-31 11:16:29Z INFO CredentialManager] Creating type OAuth
[2026-03-31 11:16:29Z INFO CredentialManager] Creating credential type: OAuth
[2026-03-31 11:16:29Z INFO RSAEncryptedFileKeyManager] Loading RSA key parameters from file C:\Users\minky\OneDrive - 경희대학교\2026-1\오픈소스\2025101824_이민규_HW2\actions-runner\.credentials_rsaparams
[2026-03-31 11:16:29Z INFO RSAEncryptedFileKeyManager] Loading RSA key parameters from file C:\Users\minky\OneDrive - 경희대학교\2026-1\오픈소스\2025101824_이민규_HW2\actions-runner\.credentials_rsaparams
[2026-03-31 11:16:29Z INFO RSAEncryptedFileKeyManager] Loading RSA key parameters from file C:\Users\minky\OneDrive - 경희대학교\2026-1\오픈소스\2025101824_이민규_HW2\actions-runner\.credentials_rsaparams
[2026-03-31 11:16:30Z INFO GitHubActionsService] AAD Correlation ID for this token request: Unknown
[2026-03-31 11:16:31Z INFO JobDispatcher] Job request 0 for plan 0eb4f049-af3b-4677-8b3a-4ffb574bf843 job 57288c7c-037a-5aab-8a3c-31f428b7b94f received.
[2026-03-31 11:16:31Z INFO JobDispatcher] Pull OrchestrationId 0eb4f049-af3b-4677-8b3a-4ffb574bf843.deploy.__default from JWT claims
[2026-03-31 11:16:31Z INFO BrokerMessageListener] Received job status event. JobState: Busy
[2026-03-31 11:16:31Z INFO BrokerMessageListener] _getMessagesTokenSource is already disposed.
[2026-03-31 11:16:31Z INFO Terminal] WRITE LINE: 2026-03-31 11:16:31Z: Running job: deploy
[2026-03-31 11:16:31Z INFO JobDispatcher] Start renew job request 0 for job 57288c7c-037a-5aab-8a3c-31f428b7b94f.
[2026-03-31 11:16:32Z INFO JobDispatcher] Successfully renew job 57288c7c-037a-5aab-8a3c-31f428b7b94f, job is valid till 2026-03-31 오전 11:26:31
[2026-03-31 11:16:32Z INFO HostContext] Well known directory 'Bin': 'C:\Users\minky\OneDrive - 경희대학교\2026-1\오픈소스\2025101824_이민규_HW2\actions-runner\bin'
[2026-03-31 11:16:32Z INFO ProcessInvokerWrapper] Starting process:
[2026-03-31 11:16:32Z INFO ProcessInvokerWrapper]   File name: 'C:\Users\minky\OneDrive - 경희대학교\2026-1\오픈소스\2025101824_이민규_HW2\actions-runner\bin\Runner.Worker.exe'
[2026-03-31 11:16:32Z INFO ProcessInvokerWrapper]   Arguments: 'spawnclient 2244 2256'
[2026-03-31 11:16:32Z INFO ProcessInvokerWrapper]   Working directory: 'C:\Users\minky\OneDrive - 경희대학교\2026-1\오픈소스\2025101824_이민규_HW2\actions-runner\bin'
[2026-03-31 11:16:32Z INFO ProcessInvokerWrapper]   Require exit code zero: 'False'
[2026-03-31 11:16:32Z INFO ProcessInvokerWrapper]   Encoding web name:  ; code page: ''
[2026-03-31 11:16:32Z INFO ProcessInvokerWrapper]   Force kill process on cancellation: 'True'
[2026-03-31 11:16:32Z INFO ProcessInvokerWrapper]   Redirected STDIN: 'False'
[2026-03-31 11:16:32Z INFO ProcessInvokerWrapper]   Persist current code page: 'False'
[2026-03-31 11:16:32Z INFO ProcessInvokerWrapper]   Keep redirected STDIN open: 'False'
[2026-03-31 11:16:32Z INFO ProcessInvokerWrapper]   High priority process: 'True'
[2026-03-31 11:16:32Z INFO ProcessInvokerWrapper] Process started with process id 21256, waiting for process exit.
[2026-03-31 11:16:32Z INFO JobDispatcher] Send job request message to worker for job 57288c7c-037a-5aab-8a3c-31f428b7b94f.
[2026-03-31 11:16:32Z INFO ProcessChannel] Sending message of length 21125, with hash '01a074458601e8e0729b556e38afd4023bcb042ff70de087fb3dde8872ea3e54'
[2026-03-31 11:16:33Z INFO JobNotification] Entering JobStarted Notification
[2026-03-31 11:16:33Z INFO JobNotification] Entering StartMonitor
[2026-03-31 11:16:43Z INFO ProcessInvokerWrapper] STDOUT/STDERR stream read finished.
[2026-03-31 11:16:43Z INFO ProcessInvokerWrapper] STDOUT/STDERR stream read finished.
[2026-03-31 11:16:43Z INFO ProcessInvokerWrapper] Finished process 21256 with exit code 102, and elapsed time 00:00:11.0630422.
[2026-03-31 11:16:43Z INFO JobDispatcher] Worker finished for job 57288c7c-037a-5aab-8a3c-31f428b7b94f. Code: 102
[2026-03-31 11:16:43Z INFO JobDispatcher] finish job request for job 57288c7c-037a-5aab-8a3c-31f428b7b94f with result: Failed
[2026-03-31 11:16:43Z INFO Terminal] WRITE LINE: 2026-03-31 11:16:43Z: Job deploy completed with result: Failed
[2026-03-31 11:16:43Z INFO JobDispatcher] Stop renew job request for job 57288c7c-037a-5aab-8a3c-31f428b7b94f.
[2026-03-31 11:16:43Z INFO JobDispatcher] job renew has been cancelled, stop renew job 57288c7c-037a-5aab-8a3c-31f428b7b94f.
[2026-03-31 11:16:43Z INFO JobNotification] Entering JobCompleted Notification
[2026-03-31 11:16:43Z INFO JobNotification] Entering EndMonitor
[2026-03-31 11:16:43Z INFO BrokerMessageListener] Received job status event. JobState: Online
[2026-03-31 11:16:43Z WARN GitHubActionsService] GET request to https://broker.actions.githubusercontent.com/message?sessionId=94d48bba-fbb9-4a7f-8fe3-368d001adbf5&status=Busy&runnerVersion=2.333.1&os=Windows&architecture=X64&disableUpdate=false has been cancelled.
[2026-03-31 11:16:43Z ERR  BrokerServer] Catch exception during request
[2026-03-31 11:16:43Z ERR  BrokerServer] System.Threading.Tasks.TaskCanceledException: The operation was canceled.
 ---> System.Threading.Tasks.TaskCanceledException: The operation was canceled.
 ---> System.IO.IOException: Unable to read data from the transport connection: 스레드 종료 또는 응용 프로그램 요청 때문에 I/O 작업이 취소되었습니다..
 ---> System.Net.Sockets.SocketException (995): 스레드 종료 또는 응용 프로그램 요청 때문에 I/O 작업이 취소되었습니다.
   --- End of inner exception stack trace ---
   at System.Net.Sockets.Socket.AwaitableSocketAsyncEventArgs.ThrowException(SocketError error, CancellationToken cancellationToken)
   at System.Net.Sockets.Socket.AwaitableSocketAsyncEventArgs.System.Threading.Tasks.Sources.IValueTaskSource<System.Int32>.GetResult(Int16 token)
   at System.Net.Security.SslStream.EnsureFullTlsFrameAsync[TIOAdapter](CancellationToken cancellationToken, Int32 estimatedSize)
   at System.Runtime.CompilerServices.PoolingAsyncValueTaskMethodBuilder`1.StateMachineBox`1.System.Threading.Tasks.Sources.IValueTaskSource<TResult>.GetResult(Int16 token)
   at System.Net.Security.SslStream.ReadAsyncInternal[TIOAdapter](Memory`1 buffer, CancellationToken cancellationToken)
   at System.Runtime.CompilerServices.PoolingAsyncValueTaskMethodBuilder`1.StateMachineBox`1.System.Threading.Tasks.Sources.IValueTaskSource<TResult>.GetResult(Int16 token)
   at System.Net.Http.HttpConnection.SendAsync(HttpRequestMessage request, Boolean async, CancellationToken cancellationToken)
   --- End of inner exception stack trace ---
   at System.Net.Http.HttpConnection.SendAsync(HttpRequestMessage request, Boolean async, CancellationToken cancellationToken)
   at System.Net.Http.AuthenticationHelper.SendWithNtAuthAsync(HttpRequestMessage request, Uri authUri, Boolean async, ICredentials credentials, Boolean isProxyAuth, HttpConnection connection, HttpConnectionPool connectionPool, CancellationToken cancellationToken)
   at System.Net.Http.HttpConnectionPool.SendWithVersionDetectionAndRetryAsync(HttpRequestMessage request, Boolean async, Boolean doRequestAuth, CancellationToken cancellationToken)
   at System.Net.Http.AuthenticationHelper.SendWithAuthAsync(HttpRequestMessage request, Uri authUri, Boolean async, ICredentials credentials, Boolean preAuthenticate, Boolean isProxyAuth, Boolean doRequestAuth, HttpConnectionPool pool, CancellationToken cancellationToken)
   at System.Net.Http.RedirectHandler.SendAsync(HttpRequestMessage request, Boolean async, CancellationToken cancellationToken)
   at GitHub.Services.Common.RawHttpMessageHandler.SendAsync(HttpRequestMessage request, CancellationToken cancellationToken)
   at GitHub.Services.Common.VssHttpRetryMessageHandler.SendAsync(HttpRequestMessage request, CancellationToken cancellationToken)
   at System.Net.Http.HttpClient.<SendAsync>g__Core|83_0(HttpRequestMessage request, HttpCompletionOption completionOption, CancellationTokenSource cts, Boolean disposeCts, CancellationTokenSource pendingRequestsCts, CancellationToken originalCancellationToken)
   --- End of inner exception stack trace ---
   at System.Net.Http.HttpClient.HandleFailure(Exception e, Boolean telemetryStarted, HttpResponseMessage response, CancellationTokenSource cts, CancellationToken cancellationToken, CancellationTokenSource pendingRequestsCts)
   at System.Net.Http.HttpClient.<SendAsync>g__Core|83_0(HttpRequestMessage request, HttpCompletionOption completionOption, CancellationTokenSource cts, Boolean disposeCts, CancellationTokenSource pendingRequestsCts, CancellationToken originalCancellationToken)
   at Sdk.WebApi.WebApi.RawHttpClientBase.SendAsync(HttpRequestMessage message, HttpCompletionOption completionOption, Object userState, CancellationToken cancellationToken)
   at Sdk.WebApi.WebApi.RawHttpClientBase.SendAsync[T](HttpRequestMessage message, Boolean readErrorBody, Object userState, CancellationToken cancellationToken)
   at Sdk.WebApi.WebApi.RawHttpClientBase.SendAsync[T](HttpMethod method, IEnumerable`1 additionalHeaders, Uri requestUri, HttpContent content, IEnumerable`1 queryParameters, Boolean readErrorBody, Object userState, CancellationToken cancellationToken)
   at GitHub.Actions.RunService.WebApi.BrokerHttpClient.GetRunnerMessageAsync(Nullable`1 sessionId, String runnerVersion, Nullable`1 status, String os, String architecture, Nullable`1 disableUpdate, CancellationToken cancellationToken)
   at GitHub.Runner.Common.BrokerServer.<>c__DisplayClass7_0.<<GetRunnerMessageAsync>b__0>d.MoveNext()
--- End of stack trace from previous location ---
   at GitHub.Runner.Common.RunnerService.RetryRequest[T](Func`1 func, CancellationToken cancellationToken, Int32 maxAttempts, Func`2 shouldRetry)
[2026-03-31 11:16:43Z ERR  BrokerServer] #####################################################
[2026-03-31 11:16:43Z ERR  BrokerServer] System.Threading.Tasks.TaskCanceledException: The operation was canceled.
 ---> System.IO.IOException: Unable to read data from the transport connection: 스레드 종료 또는 응용 프로그램 요청 때문에 I/O 작업이 취소되었습니다..
 ---> System.Net.Sockets.SocketException (995): 스레드 종료 또는 응용 프로그램 요청 때문에 I/O 작업이 취소되었습니다.
   --- End of inner exception stack trace ---
   at System.Net.Sockets.Socket.AwaitableSocketAsyncEventArgs.ThrowException(SocketError error, CancellationToken cancellationToken)
   at System.Net.Sockets.Socket.AwaitableSocketAsyncEventArgs.System.Threading.Tasks.Sources.IValueTaskSource<System.Int32>.GetResult(Int16 token)
   at System.Net.Security.SslStream.EnsureFullTlsFrameAsync[TIOAdapter](CancellationToken cancellationToken, Int32 estimatedSize)
   at System.Runtime.CompilerServices.PoolingAsyncValueTaskMethodBuilder`1.StateMachineBox`1.System.Threading.Tasks.Sources.IValueTaskSource<TResult>.GetResult(Int16 token)
   at System.Net.Security.SslStream.ReadAsyncInternal[TIOAdapter](Memory`1 buffer, CancellationToken cancellationToken)
   at System.Runtime.CompilerServices.PoolingAsyncValueTaskMethodBuilder`1.StateMachineBox`1.System.Threading.Tasks.Sources.IValueTaskSource<TResult>.GetResult(Int16 token)
   at System.Net.Http.HttpConnection.SendAsync(HttpRequestMessage request, Boolean async, CancellationToken cancellationToken)
   --- End of inner exception stack trace ---
   at System.Net.Http.HttpConnection.SendAsync(HttpRequestMessage request, Boolean async, CancellationToken cancellationToken)
   at System.Net.Http.AuthenticationHelper.SendWithNtAuthAsync(HttpRequestMessage request, Uri authUri, Boolean async, ICredentials credentials, Boolean isProxyAuth, HttpConnection connection, HttpConnectionPool connectionPool, CancellationToken cancellationToken)
   at System.Net.Http.HttpConnectionPool.SendWithVersionDetectionAndRetryAsync(HttpRequestMessage request, Boolean async, Boolean doRequestAuth, CancellationToken cancellationToken)
   at System.Net.Http.AuthenticationHelper.SendWithAuthAsync(HttpRequestMessage request, Uri authUri, Boolean async, ICredentials credentials, Boolean preAuthenticate, Boolean isProxyAuth, Boolean doRequestAuth, HttpConnectionPool pool, CancellationToken cancellationToken)
   at System.Net.Http.RedirectHandler.SendAsync(HttpRequestMessage request, Boolean async, CancellationToken cancellationToken)
   at GitHub.Services.Common.RawHttpMessageHandler.SendAsync(HttpRequestMessage request, CancellationToken cancellationToken)
   at GitHub.Services.Common.VssHttpRetryMessageHandler.SendAsync(HttpRequestMessage request, CancellationToken cancellationToken)
   at System.Net.Http.HttpClient.<SendAsync>g__Core|83_0(HttpRequestMessage request, HttpCompletionOption completionOption, CancellationTokenSource cts, Boolean disposeCts, CancellationTokenSource pendingRequestsCts, CancellationToken originalCancellationToken)
[2026-03-31 11:16:43Z ERR  BrokerServer] #####################################################
[2026-03-31 11:16:43Z ERR  BrokerServer] System.IO.IOException: Unable to read data from the transport connection: 스레드 종료 또는 응용 프로그램 요청 때문에 I/O 작업이 취소되었습니다..
 ---> System.Net.Sockets.SocketException (995): 스레드 종료 또는 응용 프로그램 요청 때문에 I/O 작업이 취소되었습니다.
   --- End of inner exception stack trace ---
   at System.Net.Sockets.Socket.AwaitableSocketAsyncEventArgs.ThrowException(SocketError error, CancellationToken cancellationToken)
   at System.Net.Sockets.Socket.AwaitableSocketAsyncEventArgs.System.Threading.Tasks.Sources.IValueTaskSource<System.Int32>.GetResult(Int16 token)
   at System.Net.Security.SslStream.EnsureFullTlsFrameAsync[TIOAdapter](CancellationToken cancellationToken, Int32 estimatedSize)
   at System.Runtime.CompilerServices.PoolingAsyncValueTaskMethodBuilder`1.StateMachineBox`1.System.Threading.Tasks.Sources.IValueTaskSource<TResult>.GetResult(Int16 token)
   at System.Net.Security.SslStream.ReadAsyncInternal[TIOAdapter](Memory`1 buffer, CancellationToken cancellationToken)
   at System.Runtime.CompilerServices.PoolingAsyncValueTaskMethodBuilder`1.StateMachineBox`1.System.Threading.Tasks.Sources.IValueTaskSource<TResult>.GetResult(Int16 token)
   at System.Net.Http.HttpConnection.SendAsync(HttpRequestMessage request, Boolean async, CancellationToken cancellationToken)
[2026-03-31 11:16:43Z ERR  BrokerServer] #####################################################
[2026-03-31 11:16:43Z ERR  BrokerServer] System.Net.Sockets.SocketException (995): 스레드 종료 또는 응용 프로그램 요청 때문에 I/O 작업이 취소되었습니다.
[2026-03-31 11:16:43Z WARN BrokerServer] Back off 8.035 seconds before next retry. 4 attempt left.
[2026-03-31 11:16:43Z INFO BrokerMessageListener] Get messages has been cancelled using local token source. Continue to get messages with new status.
