[2026-03-31 11:38:07Z INFO HostContext] No proxy settings were found based on environmental variables (http_proxy/https_proxy/HTTP_PROXY/HTTPS_PROXY)
[2026-03-31 11:38:07Z INFO HostContext] Well known directory 'Bin': 'C:\Users\minky\OneDrive - 경희대학교\2026-1\오픈소스\2025101824_이민규_HW2\actions-runner\bin'
[2026-03-31 11:38:07Z INFO HostContext] Well known directory 'Root': 'C:\Users\minky\OneDrive - 경희대학교\2026-1\오픈소스\2025101824_이민규_HW2\actions-runner'
[2026-03-31 11:38:07Z INFO HostContext] Well known config file 'Credentials': 'C:\Users\minky\OneDrive - 경희대학교\2026-1\오픈소스\2025101824_이민규_HW2\actions-runner\.credentials'
[2026-03-31 11:38:09Z INFO HostContext] Well known directory 'Bin': 'C:\Users\minky\OneDrive - 경희대학교\2026-1\오픈소스\2025101824_이민규_HW2\actions-runner\bin'
[2026-03-31 11:38:09Z INFO HostContext] Well known directory 'Root': 'C:\Users\minky\OneDrive - 경희대학교\2026-1\오픈소스\2025101824_이민규_HW2\actions-runner'
[2026-03-31 11:38:09Z INFO HostContext] Well known config file 'Runner': 'C:\Users\minky\OneDrive - 경희대학교\2026-1\오픈소스\2025101824_이민규_HW2\actions-runner\.runner'
[2026-03-31 11:38:09Z INFO Listener] Runner is built for Windows (X64) - win-x64.
[2026-03-31 11:38:09Z INFO Listener] RuntimeInformation: Microsoft Windows 10.0.26200.
[2026-03-31 11:38:09Z INFO Listener] Version: 2.333.1
[2026-03-31 11:38:09Z INFO Listener] Commit: 6792966801e8925346735b68c03bf9f347af4646
[2026-03-31 11:38:09Z INFO Listener] Culture: ko-KR
[2026-03-31 11:38:09Z INFO Listener] UI Culture: ko-KR
[2026-03-31 11:38:09Z INFO HostContext] Well known directory 'Bin': 'C:\Users\minky\OneDrive - 경희대학교\2026-1\오픈소스\2025101824_이민규_HW2\actions-runner\bin'
[2026-03-31 11:38:09Z INFO HostContext] Well known directory 'Root': 'C:\Users\minky\OneDrive - 경희대학교\2026-1\오픈소스\2025101824_이민규_HW2\actions-runner'
[2026-03-31 11:38:09Z INFO Listener] Validating directory permissions for: 'C:\Users\minky\OneDrive - 경희대학교\2026-1\오픈소스\2025101824_이민규_HW2\actions-runner'
[2026-03-31 11:38:09Z INFO CommandLineParser] Parse
[2026-03-31 11:38:09Z INFO CommandLineParser] Parsing 1 args
[2026-03-31 11:38:09Z INFO CommandLineParser] parsing argument
[2026-03-31 11:38:09Z INFO CommandLineParser] HasArgs: False
[2026-03-31 11:38:09Z INFO CommandLineParser] Adding Command: run
[2026-03-31 11:38:09Z INFO Listener] Arguments parsed
[2026-03-31 11:38:09Z INFO Runner] ExecuteCommand
[2026-03-31 11:38:09Z INFO ConfigurationStore] currentAssemblyLocation: C:\Users\minky\OneDrive - 경희대학교\2026-1\오픈소스\2025101824_이민규_HW2\actions-runner\bin\Runner.Listener.dll
[2026-03-31 11:38:09Z INFO HostContext] Well known directory 'Bin': 'C:\Users\minky\OneDrive - 경희대학교\2026-1\오픈소스\2025101824_이민규_HW2\actions-runner\bin'
[2026-03-31 11:38:09Z INFO ConfigurationStore] binPath: C:\Users\minky\OneDrive - 경희대학교\2026-1\오픈소스\2025101824_이민규_HW2\actions-runner\bin
[2026-03-31 11:38:09Z INFO HostContext] Well known directory 'Bin': 'C:\Users\minky\OneDrive - 경희대학교\2026-1\오픈소스\2025101824_이민규_HW2\actions-runner\bin'
[2026-03-31 11:38:09Z INFO HostContext] Well known directory 'Root': 'C:\Users\minky\OneDrive - 경희대학교\2026-1\오픈소스\2025101824_이민규_HW2\actions-runner'
[2026-03-31 11:38:09Z INFO ConfigurationStore] RootFolder: C:\Users\minky\OneDrive - 경희대학교\2026-1\오픈소스\2025101824_이민규_HW2\actions-runner
[2026-03-31 11:38:09Z INFO HostContext] Well known directory 'Bin': 'C:\Users\minky\OneDrive - 경희대학교\2026-1\오픈소스\2025101824_이민규_HW2\actions-runner\bin'
[2026-03-31 11:38:09Z INFO HostContext] Well known directory 'Root': 'C:\Users\minky\OneDrive - 경희대학교\2026-1\오픈소스\2025101824_이민규_HW2\actions-runner'
[2026-03-31 11:38:09Z INFO HostContext] Well known config file 'Runner': 'C:\Users\minky\OneDrive - 경희대학교\2026-1\오픈소스\2025101824_이민규_HW2\actions-runner\.runner'
[2026-03-31 11:38:09Z INFO ConfigurationStore] ConfigFilePath: C:\Users\minky\OneDrive - 경희대학교\2026-1\오픈소스\2025101824_이민규_HW2\actions-runner\.runner
[2026-03-31 11:38:09Z INFO HostContext] Well known directory 'Bin': 'C:\Users\minky\OneDrive - 경희대학교\2026-1\오픈소스\2025101824_이민규_HW2\actions-runner\bin'
[2026-03-31 11:38:09Z INFO HostContext] Well known directory 'Root': 'C:\Users\minky\OneDrive - 경희대학교\2026-1\오픈소스\2025101824_이민규_HW2\actions-runner'
[2026-03-31 11:38:09Z INFO HostContext] Well known config file 'MigratedRunner': 'C:\Users\minky\OneDrive - 경희대학교\2026-1\오픈소스\2025101824_이민규_HW2\actions-runner\.runner_migrated'
[2026-03-31 11:38:09Z INFO ConfigurationStore] MigratedConfigFilePath: C:\Users\minky\OneDrive - 경희대학교\2026-1\오픈소스\2025101824_이민규_HW2\actions-runner\.runner_migrated
[2026-03-31 11:38:09Z INFO HostContext] Well known directory 'Bin': 'C:\Users\minky\OneDrive - 경희대학교\2026-1\오픈소스\2025101824_이민규_HW2\actions-runner\bin'
[2026-03-31 11:38:09Z INFO HostContext] Well known directory 'Root': 'C:\Users\minky\OneDrive - 경희대학교\2026-1\오픈소스\2025101824_이민규_HW2\actions-runner'
[2026-03-31 11:38:09Z INFO HostContext] Well known config file 'Credentials': 'C:\Users\minky\OneDrive - 경희대학교\2026-1\오픈소스\2025101824_이민규_HW2\actions-runner\.credentials'
[2026-03-31 11:38:09Z INFO ConfigurationStore] CredFilePath: C:\Users\minky\OneDrive - 경희대학교\2026-1\오픈소스\2025101824_이민규_HW2\actions-runner\.credentials
[2026-03-31 11:38:09Z INFO HostContext] Well known directory 'Bin': 'C:\Users\minky\OneDrive - 경희대학교\2026-1\오픈소스\2025101824_이민규_HW2\actions-runner\bin'
[2026-03-31 11:38:09Z INFO HostContext] Well known directory 'Root': 'C:\Users\minky\OneDrive - 경희대학교\2026-1\오픈소스\2025101824_이민규_HW2\actions-runner'
[2026-03-31 11:38:09Z INFO HostContext] Well known config file 'MigratedCredentials': 'C:\Users\minky\OneDrive - 경희대학교\2026-1\오픈소스\2025101824_이민규_HW2\actions-runner\.credentials_migrated'
[2026-03-31 11:38:09Z INFO ConfigurationStore] MigratedCredFilePath: C:\Users\minky\OneDrive - 경희대학교\2026-1\오픈소스\2025101824_이민규_HW2\actions-runner\.credentials_migrated
[2026-03-31 11:38:09Z INFO HostContext] Well known directory 'Bin': 'C:\Users\minky\OneDrive - 경희대학교\2026-1\오픈소스\2025101824_이민규_HW2\actions-runner\bin'
[2026-03-31 11:38:09Z INFO HostContext] Well known directory 'Root': 'C:\Users\minky\OneDrive - 경희대학교\2026-1\오픈소스\2025101824_이민규_HW2\actions-runner'
[2026-03-31 11:38:09Z INFO HostContext] Well known config file 'Service': 'C:\Users\minky\OneDrive - 경희대학교\2026-1\오픈소스\2025101824_이민규_HW2\actions-runner\.service'
[2026-03-31 11:38:09Z INFO ConfigurationStore] ServiceConfigFilePath: C:\Users\minky\OneDrive - 경희대학교\2026-1\오픈소스\2025101824_이민규_HW2\actions-runner\.service
[2026-03-31 11:38:09Z INFO CommandSettings] Flag 'help': 'False'
[2026-03-31 11:38:09Z INFO CommandSettings] Flag 'version': 'False'
[2026-03-31 11:38:09Z INFO CommandSettings] Flag 'commit': 'False'
[2026-03-31 11:38:09Z INFO CommandSettings] Flag 'check': 'False'
[2026-03-31 11:38:09Z INFO CommandSettings] Command 'configure': 'False'
[2026-03-31 11:38:09Z INFO CommandSettings] Command 'remove': 'False'
[2026-03-31 11:38:09Z INFO CommandSettings] Command 'warmup': 'False'
[2026-03-31 11:38:09Z INFO ConfigurationManager] LoadSettings
[2026-03-31 11:38:09Z INFO ConfigurationStore] IsConfigured()
[2026-03-31 11:38:09Z INFO ConfigurationStore] IsConfigured: True
[2026-03-31 11:38:09Z INFO ConfigurationManager] Is configured: True
[2026-03-31 11:38:09Z INFO ConfigurationStore] Read setting file: 390 chars
[2026-03-31 11:38:09Z INFO ConfigurationManager] Settings Loaded
[2026-03-31 11:38:09Z INFO ConfigurationStore] IsServiceConfigured()
[2026-03-31 11:38:09Z INFO ConfigurationStore] IsServiceConfigured: False
[2026-03-31 11:38:09Z INFO CommandSettings] Command 'run': 'True'
[2026-03-31 11:38:09Z INFO ConfigurationStore] IsConfigured()
[2026-03-31 11:38:09Z INFO ConfigurationStore] IsConfigured: True
[2026-03-31 11:38:09Z INFO ConfigurationManager] Is configured: True
[2026-03-31 11:38:09Z INFO Runner] Could not parse the argument value '' for StartupType. Defaulting to Manual
[2026-03-31 11:38:09Z INFO Runner] Set runner startup type - Manual
[2026-03-31 11:38:09Z INFO CommandSettings] Flag 'once': 'False'
[2026-03-31 11:38:09Z INFO CommandSettings] Flag 'once': 'False'
[2026-03-31 11:38:09Z INFO Runner] RunAsync
[2026-03-31 11:38:09Z INFO HostContext] Well known directory 'Bin': 'C:\Users\minky\OneDrive - 경희대학교\2026-1\오픈소스\2025101824_이민규_HW2\actions-runner\bin'
[2026-03-31 11:38:09Z INFO HostContext] Well known directory 'Root': 'C:\Users\minky\OneDrive - 경희대학교\2026-1\오픈소스\2025101824_이민규_HW2\actions-runner'
[2026-03-31 11:38:09Z INFO HostContext] Well known directory 'Work': 'C:\Users\minky\OneDrive - 경희대학교\2026-1\오픈소스\2025101824_이민규_HW2\actions-runner\_work'
[2026-03-31 11:38:09Z INFO Runner] Validating directory permissions for: 'C:\Users\minky\OneDrive - 경희대학교\2026-1\오픈소스\2025101824_이민규_HW2\actions-runner\_work'
[2026-03-31 11:38:09Z INFO ConfigurationManager] LoadMigratedSettings
[2026-03-31 11:38:09Z INFO ConfigurationStore] IsMigratedConfigured()
[2026-03-31 11:38:09Z INFO ConfigurationStore] IsMigratedConfigured: False
[2026-03-31 11:38:09Z INFO Runner] Failed to load migrated settings: No migrated configuration found.
[2026-03-31 11:38:09Z INFO Runner] Falling back to original .runner settings
[2026-03-31 11:38:09Z INFO Runner] Using BrokerMessageListener
[2026-03-31 11:38:09Z INFO BrokerMessageListener] Using provided settings
[2026-03-31 11:38:09Z INFO BrokerMessageListener] {
  "AgentId": 2,
  "AgentName": "DESKTOP-PHJ0FAT",
  "PoolId": 1,
  "PoolName": "Default",
  "ServerUrl": "https://pipelinesghubeus15.actions.githubusercontent.com/w8oGnHK6If0ELAVncOEZHBPWHM5pj5qWbnnbyxRPoPxRxcUxjr/",
  "GitHubUrl": "https://github.com/smkl333/HW2",
  "WorkFolder": "_work",
  "UseV2Flow": true,
  "ServerUrlV2": "https://broker.actions.githubusercontent.com/"
}
[2026-03-31 11:38:09Z INFO BrokerMessageListener] Loading Credentials
[2026-03-31 11:38:09Z INFO ConfigurationStore] HasCredentials()
[2026-03-31 11:38:09Z INFO ConfigurationStore] stored True
[2026-03-31 11:38:09Z INFO CredentialManager] GetCredentialProvider
[2026-03-31 11:38:09Z INFO CredentialManager] Creating type OAuth
[2026-03-31 11:38:09Z INFO CredentialManager] Creating credential type: OAuth
[2026-03-31 11:38:09Z INFO HostContext] Well known directory 'Bin': 'C:\Users\minky\OneDrive - 경희대학교\2026-1\오픈소스\2025101824_이민규_HW2\actions-runner\bin'
[2026-03-31 11:38:09Z INFO HostContext] Well known directory 'Root': 'C:\Users\minky\OneDrive - 경희대학교\2026-1\오픈소스\2025101824_이민규_HW2\actions-runner'
[2026-03-31 11:38:09Z INFO HostContext] Well known config file 'RSACredentials': 'C:\Users\minky\OneDrive - 경희대학교\2026-1\오픈소스\2025101824_이민규_HW2\actions-runner\.credentials_rsaparams'
[2026-03-31 11:38:09Z INFO RSAEncryptedFileKeyManager] Loading RSA key parameters from file C:\Users\minky\OneDrive - 경희대학교\2026-1\오픈소스\2025101824_이민규_HW2\actions-runner\.credentials_rsaparams
[2026-03-31 11:38:09Z INFO BrokerMessageListener] Attempt to create session.
[2026-03-31 11:38:09Z INFO BrokerMessageListener] Connecting to the Broker Server...
[2026-03-31 11:38:09Z INFO ConfigurationStore] HasCredentials()
[2026-03-31 11:38:09Z INFO ConfigurationStore] stored True
[2026-03-31 11:38:09Z INFO CredentialManager] GetCredentialProvider
[2026-03-31 11:38:09Z INFO CredentialManager] Creating type OAuth
[2026-03-31 11:38:09Z INFO CredentialManager] Creating credential type: OAuth
[2026-03-31 11:38:09Z INFO RSAEncryptedFileKeyManager] Loading RSA key parameters from file C:\Users\minky\OneDrive - 경희대학교\2026-1\오픈소스\2025101824_이민규_HW2\actions-runner\.credentials_rsaparams
[2026-03-31 11:38:09Z INFO BrokerMessageListener] VssConnection created
[2026-03-31 11:38:09Z INFO BrokerMessageListener] Connecting to the Runner server...
[2026-03-31 11:38:09Z INFO RunnerServer] EstablishVssConnection
[2026-03-31 11:38:09Z INFO RunnerServer] Establish connection with 100 seconds timeout.
[2026-03-31 11:38:09Z INFO GitHubActionsService] Starting operation Location.GetConnectionData
[2026-03-31 11:38:09Z INFO RunnerServer] EstablishVssConnection
[2026-03-31 11:38:09Z INFO RunnerServer] Establish connection with 60 seconds timeout.
[2026-03-31 11:38:09Z INFO GitHubActionsService] Starting operation Location.GetConnectionData
[2026-03-31 11:38:09Z INFO RunnerServer] EstablishVssConnection
[2026-03-31 11:38:09Z INFO RunnerServer] Establish connection with 60 seconds timeout.
[2026-03-31 11:38:09Z INFO GitHubActionsService] Starting operation Location.GetConnectionData
[2026-03-31 11:38:10Z INFO GitHubActionsService] Finished operation Location.GetConnectionData
[2026-03-31 11:38:10Z INFO GitHubActionsService] Finished operation Location.GetConnectionData
[2026-03-31 11:38:10Z INFO GitHubActionsService] Finished operation Location.GetConnectionData
[2026-03-31 11:38:10Z INFO BrokerMessageListener] VssConnection created
[2026-03-31 11:38:10Z INFO Terminal] WRITE LINE: 
[2026-03-31 11:38:10Z INFO Terminal] WRITE LINE: 
[2026-03-31 11:38:10Z INFO RSAEncryptedFileKeyManager] Loading RSA key parameters from file C:\Users\minky\OneDrive - 경희대학교\2026-1\오픈소스\2025101824_이민규_HW2\actions-runner\.credentials_rsaparams
[2026-03-31 11:38:10Z INFO RSAEncryptedFileKeyManager] Loading RSA key parameters from file C:\Users\minky\OneDrive - 경희대학교\2026-1\오픈소스\2025101824_이민규_HW2\actions-runner\.credentials_rsaparams
[2026-03-31 11:38:11Z INFO GitHubActionsService] AAD Correlation ID for this token request: Unknown
[2026-03-31 11:38:12Z INFO BrokerMessageListener] Session created.
[2026-03-31 11:38:12Z INFO Terminal] WRITE LINE: Current runner version: '2.333.1'
[2026-03-31 11:38:12Z INFO Terminal] WRITE LINE: 2026-03-31 11:38:12Z: Listening for Jobs
[2026-03-31 11:38:12Z INFO JobDispatcher] Set runner/worker IPC timeout to 30 seconds.
[2026-03-31 11:38:13Z INFO BrokerMessageListener] Acknowledging runner request 'adc36ae3-7aa3-56fa-9e0f-087a39a09fa0'.
[2026-03-31 11:38:13Z INFO ConfigurationStore] HasCredentials()
[2026-03-31 11:38:13Z INFO ConfigurationStore] stored True
[2026-03-31 11:38:13Z INFO CredentialManager] GetCredentialProvider
[2026-03-31 11:38:13Z INFO CredentialManager] Creating type OAuth
[2026-03-31 11:38:13Z INFO CredentialManager] Creating credential type: OAuth
[2026-03-31 11:38:13Z INFO RSAEncryptedFileKeyManager] Loading RSA key parameters from file C:\Users\minky\OneDrive - 경희대학교\2026-1\오픈소스\2025101824_이민규_HW2\actions-runner\.credentials_rsaparams
[2026-03-31 11:38:13Z INFO RSAEncryptedFileKeyManager] Loading RSA key parameters from file C:\Users\minky\OneDrive - 경희대학교\2026-1\오픈소스\2025101824_이민규_HW2\actions-runner\.credentials_rsaparams
[2026-03-31 11:38:13Z INFO RSAEncryptedFileKeyManager] Loading RSA key parameters from file C:\Users\minky\OneDrive - 경희대학교\2026-1\오픈소스\2025101824_이민규_HW2\actions-runner\.credentials_rsaparams
[2026-03-31 11:38:14Z INFO GitHubActionsService] AAD Correlation ID for this token request: Unknown
[2026-03-31 11:38:15Z INFO JobDispatcher] Job request 0 for plan ba37cc39-2a2d-4ea5-a25b-f8cb8f3eb70e job adc36ae3-7aa3-56fa-9e0f-087a39a09fa0 received.
[2026-03-31 11:38:15Z INFO JobDispatcher] Pull OrchestrationId ba37cc39-2a2d-4ea5-a25b-f8cb8f3eb70e.deploy.__default from JWT claims
[2026-03-31 11:38:15Z INFO BrokerMessageListener] Received job status event. JobState: Busy
[2026-03-31 11:38:15Z INFO BrokerMessageListener] _getMessagesTokenSource is already disposed.
[2026-03-31 11:38:15Z INFO Terminal] WRITE LINE: 2026-03-31 11:38:15Z: Running job: deploy
[2026-03-31 11:38:15Z INFO JobDispatcher] Start renew job request 0 for job adc36ae3-7aa3-56fa-9e0f-087a39a09fa0.
[2026-03-31 11:38:15Z INFO JobDispatcher] Successfully renew job adc36ae3-7aa3-56fa-9e0f-087a39a09fa0, job is valid till 2026-03-31 오전 11:48:14
[2026-03-31 11:38:15Z INFO HostContext] Well known directory 'Bin': 'C:\Users\minky\OneDrive - 경희대학교\2026-1\오픈소스\2025101824_이민규_HW2\actions-runner\bin'
[2026-03-31 11:38:15Z INFO ProcessInvokerWrapper] Starting process:
[2026-03-31 11:38:15Z INFO ProcessInvokerWrapper]   File name: 'C:\Users\minky\OneDrive - 경희대학교\2026-1\오픈소스\2025101824_이민규_HW2\actions-runner\bin\Runner.Worker.exe'
[2026-03-31 11:38:15Z INFO ProcessInvokerWrapper]   Arguments: 'spawnclient 2168 2228'
[2026-03-31 11:38:15Z INFO ProcessInvokerWrapper]   Working directory: 'C:\Users\minky\OneDrive - 경희대학교\2026-1\오픈소스\2025101824_이민규_HW2\actions-runner\bin'
[2026-03-31 11:38:15Z INFO ProcessInvokerWrapper]   Require exit code zero: 'False'
[2026-03-31 11:38:15Z INFO ProcessInvokerWrapper]   Encoding web name:  ; code page: ''
[2026-03-31 11:38:15Z INFO ProcessInvokerWrapper]   Force kill process on cancellation: 'True'
[2026-03-31 11:38:15Z INFO ProcessInvokerWrapper]   Redirected STDIN: 'False'
[2026-03-31 11:38:15Z INFO ProcessInvokerWrapper]   Persist current code page: 'False'
[2026-03-31 11:38:15Z INFO ProcessInvokerWrapper]   Keep redirected STDIN open: 'False'
[2026-03-31 11:38:15Z INFO ProcessInvokerWrapper]   High priority process: 'True'
[2026-03-31 11:38:15Z INFO ProcessInvokerWrapper] Process started with process id 28632, waiting for process exit.
[2026-03-31 11:38:15Z INFO JobDispatcher] Send job request message to worker for job adc36ae3-7aa3-56fa-9e0f-087a39a09fa0.
[2026-03-31 11:38:16Z INFO ProcessChannel] Sending message of length 22222, with hash 'f0d4de8eb23c742129e9324569049e1ebd33fadbdbac2a9a67b9398643c0a537'
[2026-03-31 11:38:16Z INFO JobNotification] Entering JobStarted Notification
[2026-03-31 11:38:16Z INFO JobNotification] Entering StartMonitor
[2026-03-31 11:39:16Z INFO JobDispatcher] Successfully renew job adc36ae3-7aa3-56fa-9e0f-087a39a09fa0, job is valid till 2026-03-31 오전 11:49:14
[2026-03-31 11:40:16Z INFO JobDispatcher] Successfully renew job adc36ae3-7aa3-56fa-9e0f-087a39a09fa0, job is valid till 2026-03-31 오전 11:50:14
[2026-03-31 11:41:16Z INFO JobDispatcher] Successfully renew job adc36ae3-7aa3-56fa-9e0f-087a39a09fa0, job is valid till 2026-03-31 오전 11:51:15
[2026-03-31 11:42:16Z INFO JobDispatcher] Successfully renew job adc36ae3-7aa3-56fa-9e0f-087a39a09fa0, job is valid till 2026-03-31 오전 11:52:15
[2026-03-31 11:43:17Z INFO JobDispatcher] Successfully renew job adc36ae3-7aa3-56fa-9e0f-087a39a09fa0, job is valid till 2026-03-31 오전 11:53:15
[2026-03-31 11:43:26Z INFO ProcessInvokerWrapper] STDOUT/STDERR stream read finished.
[2026-03-31 11:43:26Z INFO ProcessInvokerWrapper] STDOUT/STDERR stream read finished.
[2026-03-31 11:43:26Z INFO ProcessInvokerWrapper] Finished process 28632 with exit code 102, and elapsed time 00:05:11.0241984.
[2026-03-31 11:43:26Z INFO JobDispatcher] Worker finished for job adc36ae3-7aa3-56fa-9e0f-087a39a09fa0. Code: 102
[2026-03-31 11:43:26Z INFO JobDispatcher] finish job request for job adc36ae3-7aa3-56fa-9e0f-087a39a09fa0 with result: Failed
[2026-03-31 11:43:26Z INFO Terminal] WRITE LINE: 2026-03-31 11:43:26Z: Job deploy completed with result: Failed
[2026-03-31 11:43:26Z INFO JobDispatcher] Stop renew job request for job adc36ae3-7aa3-56fa-9e0f-087a39a09fa0.
[2026-03-31 11:43:26Z INFO JobDispatcher] job renew has been cancelled, stop renew job adc36ae3-7aa3-56fa-9e0f-087a39a09fa0.
[2026-03-31 11:43:26Z INFO JobNotification] Entering JobCompleted Notification
[2026-03-31 11:43:26Z INFO JobNotification] Entering EndMonitor
[2026-03-31 11:43:26Z INFO BrokerMessageListener] Received job status event. JobState: Online
[2026-03-31 11:43:26Z WARN GitHubActionsService] GET request to https://broker.actions.githubusercontent.com/message?sessionId=c70ecf79-1377-412c-8204-8d85f912d95e&status=Busy&runnerVersion=2.333.1&os=Windows&architecture=X64&disableUpdate=false has been cancelled.
[2026-03-31 11:43:26Z ERR  BrokerServer] Catch exception during request
[2026-03-31 11:43:26Z ERR  BrokerServer] System.Threading.Tasks.TaskCanceledException: The operation was canceled.
 ---> System.Threading.Tasks.TaskCanceledException: The operation was canceled.
 ---> System.IO.IOException: Unable to read data from the transport connection: 스레드 종료 또는 응용 프로그램 요청 때문에 I/O 작업이 취소되었습니다..
 ---> System.Net.Sockets.SocketException (995): 스레드 종료 또는 응용 프로그램 요청 때문에 I/O 작업이 취소되었습니다.
   --- End of inner exception stack trace ---
   at System.Net.Sockets.Socket.AwaitableSocketAsyncEventArgs.ThrowException(SocketError error, CancellationToken cancellationToken)
   at System.Net.Sockets.Socket.AwaitableSocketAsyncEventArgs.System.Threading.Tasks.Sources.IValueTaskSource<System.Int32>.GetResult(Int16 token)
   at System.Net.Security.SslStream.EnsureFullTlsFrameAsync[TIOAdapter](CancellationToken cancellationToken, Int32 estimatedSize)
   at System.Runtime.CompilerServices.PoolingAsyncValueTaskMethodBuilder`1.StateMachineBox`1.System.Threading.Tasks.Sources.IValueTaskSource<TResult>.GetResult(Int16 token)
   at System.Net.Security.SslStream.ReadAsyncInternal[TIOAdapter](Memory`1 buffer, CancellationToken cancellationToken)
   at System.Runtime.CompilerServices.PoolingAsyncValueTaskMethodBuilder`1.StateMachineBox`1.System.Threading.Tasks.Sources.IValueTaskSource<TResult>.GetResult(Int16 token)
   at System.Net.Http.HttpConnection.SendAsync(HttpRequestMessage request, Boolean async, CancellationToken cancellationToken)
   --- End of inner exception stack trace ---
   at System.Net.Http.HttpConnection.SendAsync(HttpRequestMessage request, Boolean async, CancellationToken cancellationToken)
   at System.Net.Http.AuthenticationHelper.SendWithNtAuthAsync(HttpRequestMessage request, Uri authUri, Boolean async, ICredentials credentials, Boolean isProxyAuth, HttpConnection connection, HttpConnectionPool connectionPool, CancellationToken cancellationToken)
   at System.Net.Http.HttpConnectionPool.SendWithVersionDetectionAndRetryAsync(HttpRequestMessage request, Boolean async, Boolean doRequestAuth, CancellationToken cancellationToken)
   at System.Net.Http.AuthenticationHelper.SendWithAuthAsync(HttpRequestMessage request, Uri authUri, Boolean async, ICredentials credentials, Boolean preAuthenticate, Boolean isProxyAuth, Boolean doRequestAuth, HttpConnectionPool pool, CancellationToken cancellationToken)
   at System.Net.Http.RedirectHandler.SendAsync(HttpRequestMessage request, Boolean async, CancellationToken cancellationToken)
   at GitHub.Services.Common.RawHttpMessageHandler.SendAsync(HttpRequestMessage request, CancellationToken cancellationToken)
   at GitHub.Services.Common.VssHttpRetryMessageHandler.SendAsync(HttpRequestMessage request, CancellationToken cancellationToken)
   at System.Net.Http.HttpClient.<SendAsync>g__Core|83_0(HttpRequestMessage request, HttpCompletionOption completionOption, CancellationTokenSource cts, Boolean disposeCts, CancellationTokenSource pendingRequestsCts, CancellationToken originalCancellationToken)
   --- End of inner exception stack trace ---
   at System.Net.Http.HttpClient.HandleFailure(Exception e, Boolean telemetryStarted, HttpResponseMessage response, CancellationTokenSource cts, CancellationToken cancellationToken, CancellationTokenSource pendingRequestsCts)
   at System.Net.Http.HttpClient.<SendAsync>g__Core|83_0(HttpRequestMessage request, HttpCompletionOption completionOption, CancellationTokenSource cts, Boolean disposeCts, CancellationTokenSource pendingRequestsCts, CancellationToken originalCancellationToken)
   at Sdk.WebApi.WebApi.RawHttpClientBase.SendAsync(HttpRequestMessage message, HttpCompletionOption completionOption, Object userState, CancellationToken cancellationToken)
   at Sdk.WebApi.WebApi.RawHttpClientBase.SendAsync[T](HttpRequestMessage message, Boolean readErrorBody, Object userState, CancellationToken cancellationToken)
   at Sdk.WebApi.WebApi.RawHttpClientBase.SendAsync[T](HttpMethod method, IEnumerable`1 additionalHeaders, Uri requestUri, HttpContent content, IEnumerable`1 queryParameters, Boolean readErrorBody, Object userState, CancellationToken cancellationToken)
   at GitHub.Actions.RunService.WebApi.BrokerHttpClient.GetRunnerMessageAsync(Nullable`1 sessionId, String runnerVersion, Nullable`1 status, String os, String architecture, Nullable`1 disableUpdate, CancellationToken cancellationToken)
   at GitHub.Runner.Common.BrokerServer.<>c__DisplayClass7_0.<<GetRunnerMessageAsync>b__0>d.MoveNext()
--- End of stack trace from previous location ---
   at GitHub.Runner.Common.RunnerService.RetryRequest[T](Func`1 func, CancellationToken cancellationToken, Int32 maxAttempts, Func`2 shouldRetry)
[2026-03-31 11:43:26Z ERR  BrokerServer] #####################################################
[2026-03-31 11:43:26Z ERR  BrokerServer] System.Threading.Tasks.TaskCanceledException: The operation was canceled.
 ---> System.IO.IOException: Unable to read data from the transport connection: 스레드 종료 또는 응용 프로그램 요청 때문에 I/O 작업이 취소되었습니다..
 ---> System.Net.Sockets.SocketException (995): 스레드 종료 또는 응용 프로그램 요청 때문에 I/O 작업이 취소되었습니다.
   --- End of inner exception stack trace ---
   at System.Net.Sockets.Socket.AwaitableSocketAsyncEventArgs.ThrowException(SocketError error, CancellationToken cancellationToken)
   at System.Net.Sockets.Socket.AwaitableSocketAsyncEventArgs.System.Threading.Tasks.Sources.IValueTaskSource<System.Int32>.GetResult(Int16 token)
   at System.Net.Security.SslStream.EnsureFullTlsFrameAsync[TIOAdapter](CancellationToken cancellationToken, Int32 estimatedSize)
   at System.Runtime.CompilerServices.PoolingAsyncValueTaskMethodBuilder`1.StateMachineBox`1.System.Threading.Tasks.Sources.IValueTaskSource<TResult>.GetResult(Int16 token)
   at System.Net.Security.SslStream.ReadAsyncInternal[TIOAdapter](Memory`1 buffer, CancellationToken cancellationToken)
   at System.Runtime.CompilerServices.PoolingAsyncValueTaskMethodBuilder`1.StateMachineBox`1.System.Threading.Tasks.Sources.IValueTaskSource<TResult>.GetResult(Int16 token)
   at System.Net.Http.HttpConnection.SendAsync(HttpRequestMessage request, Boolean async, CancellationToken cancellationToken)
   --- End of inner exception stack trace ---
   at System.Net.Http.HttpConnection.SendAsync(HttpRequestMessage request, Boolean async, CancellationToken cancellationToken)
   at System.Net.Http.AuthenticationHelper.SendWithNtAuthAsync(HttpRequestMessage request, Uri authUri, Boolean async, ICredentials credentials, Boolean isProxyAuth, HttpConnection connection, HttpConnectionPool connectionPool, CancellationToken cancellationToken)
   at System.Net.Http.HttpConnectionPool.SendWithVersionDetectionAndRetryAsync(HttpRequestMessage request, Boolean async, Boolean doRequestAuth, CancellationToken cancellationToken)
   at System.Net.Http.AuthenticationHelper.SendWithAuthAsync(HttpRequestMessage request, Uri authUri, Boolean async, ICredentials credentials, Boolean preAuthenticate, Boolean isProxyAuth, Boolean doRequestAuth, HttpConnectionPool pool, CancellationToken cancellationToken)
   at System.Net.Http.RedirectHandler.SendAsync(HttpRequestMessage request, Boolean async, CancellationToken cancellationToken)
   at GitHub.Services.Common.RawHttpMessageHandler.SendAsync(HttpRequestMessage request, CancellationToken cancellationToken)
   at GitHub.Services.Common.VssHttpRetryMessageHandler.SendAsync(HttpRequestMessage request, CancellationToken cancellationToken)
   at System.Net.Http.HttpClient.<SendAsync>g__Core|83_0(HttpRequestMessage request, HttpCompletionOption completionOption, CancellationTokenSource cts, Boolean disposeCts, CancellationTokenSource pendingRequestsCts, CancellationToken originalCancellationToken)
[2026-03-31 11:43:26Z ERR  BrokerServer] #####################################################
[2026-03-31 11:43:26Z ERR  BrokerServer] System.IO.IOException: Unable to read data from the transport connection: 스레드 종료 또는 응용 프로그램 요청 때문에 I/O 작업이 취소되었습니다..
 ---> System.Net.Sockets.SocketException (995): 스레드 종료 또는 응용 프로그램 요청 때문에 I/O 작업이 취소되었습니다.
   --- End of inner exception stack trace ---
   at System.Net.Sockets.Socket.AwaitableSocketAsyncEventArgs.ThrowException(SocketError error, CancellationToken cancellationToken)
   at System.Net.Sockets.Socket.AwaitableSocketAsyncEventArgs.System.Threading.Tasks.Sources.IValueTaskSource<System.Int32>.GetResult(Int16 token)
   at System.Net.Security.SslStream.EnsureFullTlsFrameAsync[TIOAdapter](CancellationToken cancellationToken, Int32 estimatedSize)
   at System.Runtime.CompilerServices.PoolingAsyncValueTaskMethodBuilder`1.StateMachineBox`1.System.Threading.Tasks.Sources.IValueTaskSource<TResult>.GetResult(Int16 token)
   at System.Net.Security.SslStream.ReadAsyncInternal[TIOAdapter](Memory`1 buffer, CancellationToken cancellationToken)
   at System.Runtime.CompilerServices.PoolingAsyncValueTaskMethodBuilder`1.StateMachineBox`1.System.Threading.Tasks.Sources.IValueTaskSource<TResult>.GetResult(Int16 token)
   at System.Net.Http.HttpConnection.SendAsync(HttpRequestMessage request, Boolean async, CancellationToken cancellationToken)
[2026-03-31 11:43:26Z ERR  BrokerServer] #####################################################
[2026-03-31 11:43:26Z ERR  BrokerServer] System.Net.Sockets.SocketException (995): 스레드 종료 또는 응용 프로그램 요청 때문에 I/O 작업이 취소되었습니다.
[2026-03-31 11:43:26Z WARN BrokerServer] Back off 13.344 seconds before next retry. 4 attempt left.
[2026-03-31 11:43:26Z INFO BrokerMessageListener] Get messages has been cancelled using local token source. Continue to get messages with new status.
[2026-03-31 11:45:14Z INFO BrokerMessageListener] Acknowledging runner request '5c9b85a6-f4e7-5b4e-b61e-272511c89a22'.
[2026-03-31 11:45:14Z INFO ConfigurationStore] HasCredentials()
[2026-03-31 11:45:14Z INFO ConfigurationStore] stored True
[2026-03-31 11:45:14Z INFO CredentialManager] GetCredentialProvider
[2026-03-31 11:45:14Z INFO CredentialManager] Creating type OAuth
[2026-03-31 11:45:14Z INFO CredentialManager] Creating credential type: OAuth
[2026-03-31 11:45:14Z INFO RSAEncryptedFileKeyManager] Loading RSA key parameters from file C:\Users\minky\OneDrive - 경희대학교\2026-1\오픈소스\2025101824_이민규_HW2\actions-runner\.credentials_rsaparams
[2026-03-31 11:45:14Z INFO RSAEncryptedFileKeyManager] Loading RSA key parameters from file C:\Users\minky\OneDrive - 경희대학교\2026-1\오픈소스\2025101824_이민규_HW2\actions-runner\.credentials_rsaparams
[2026-03-31 11:45:14Z INFO RSAEncryptedFileKeyManager] Loading RSA key parameters from file C:\Users\minky\OneDrive - 경희대학교\2026-1\오픈소스\2025101824_이민규_HW2\actions-runner\.credentials_rsaparams
[2026-03-31 11:45:15Z INFO GitHubActionsService] AAD Correlation ID for this token request: Unknown
[2026-03-31 11:45:16Z INFO JobDispatcher] Job request 0 for plan 3fc3e9a0-cd2c-4862-9efd-d20855c22db2 job 5c9b85a6-f4e7-5b4e-b61e-272511c89a22 received.
[2026-03-31 11:45:16Z INFO JobDispatcher] Pull OrchestrationId 3fc3e9a0-cd2c-4862-9efd-d20855c22db2.deploy.__default from JWT claims
[2026-03-31 11:45:16Z INFO BrokerMessageListener] Received job status event. JobState: Busy
[2026-03-31 11:45:16Z INFO BrokerMessageListener] _getMessagesTokenSource is already disposed.
[2026-03-31 11:45:16Z INFO JobDispatcher] Job request adc36ae3-7aa3-56fa-9e0f-087a39a09fa0 processed succeed.
[2026-03-31 11:45:16Z INFO Terminal] WRITE LINE: 2026-03-31 11:45:16Z: Running job: deploy
[2026-03-31 11:45:16Z INFO JobDispatcher] Start renew job request 0 for job 5c9b85a6-f4e7-5b4e-b61e-272511c89a22.
[2026-03-31 11:45:17Z INFO JobDispatcher] Successfully renew job 5c9b85a6-f4e7-5b4e-b61e-272511c89a22, job is valid till 2026-03-31 오전 11:55:15
[2026-03-31 11:45:17Z INFO HostContext] Well known directory 'Bin': 'C:\Users\minky\OneDrive - 경희대학교\2026-1\오픈소스\2025101824_이민규_HW2\actions-runner\bin'
[2026-03-31 11:45:17Z INFO ProcessInvokerWrapper] Starting process:
[2026-03-31 11:45:17Z INFO ProcessInvokerWrapper]   File name: 'C:\Users\minky\OneDrive - 경희대학교\2026-1\오픈소스\2025101824_이민규_HW2\actions-runner\bin\Runner.Worker.exe'
[2026-03-31 11:45:17Z INFO ProcessInvokerWrapper]   Arguments: 'spawnclient 2020 2224'
[2026-03-31 11:45:17Z INFO ProcessInvokerWrapper]   Working directory: 'C:\Users\minky\OneDrive - 경희대학교\2026-1\오픈소스\2025101824_이민규_HW2\actions-runner\bin'
[2026-03-31 11:45:17Z INFO ProcessInvokerWrapper]   Require exit code zero: 'False'
[2026-03-31 11:45:17Z INFO ProcessInvokerWrapper]   Encoding web name:  ; code page: ''
[2026-03-31 11:45:17Z INFO ProcessInvokerWrapper]   Force kill process on cancellation: 'True'
[2026-03-31 11:45:17Z INFO ProcessInvokerWrapper]   Redirected STDIN: 'False'
[2026-03-31 11:45:17Z INFO ProcessInvokerWrapper]   Persist current code page: 'False'
[2026-03-31 11:45:17Z INFO ProcessInvokerWrapper]   Keep redirected STDIN open: 'False'
[2026-03-31 11:45:17Z INFO ProcessInvokerWrapper]   High priority process: 'True'
[2026-03-31 11:45:17Z INFO ProcessInvokerWrapper] Process started with process id 5652, waiting for process exit.
[2026-03-31 11:45:17Z INFO JobDispatcher] Send job request message to worker for job 5c9b85a6-f4e7-5b4e-b61e-272511c89a22.
[2026-03-31 11:45:17Z INFO ProcessChannel] Sending message of length 22225, with hash '2b1c01146ef602a739885dae2d667ea3e8d113d8a21d6db89bd88ef6654f7c9c'
[2026-03-31 11:45:17Z INFO JobNotification] Entering JobStarted Notification
[2026-03-31 11:45:17Z INFO JobNotification] Entering StartMonitor
[2026-03-31 11:45:45Z INFO ProcessInvokerWrapper] STDOUT/STDERR stream read finished.
[2026-03-31 11:45:45Z INFO ProcessInvokerWrapper] STDOUT/STDERR stream read finished.
[2026-03-31 11:45:45Z INFO ProcessInvokerWrapper] Finished process 5652 with exit code 100, and elapsed time 00:00:27.5759493.
[2026-03-31 11:45:45Z INFO JobDispatcher] Worker finished for job 5c9b85a6-f4e7-5b4e-b61e-272511c89a22. Code: 100
[2026-03-31 11:45:45Z INFO JobDispatcher] finish job request for job 5c9b85a6-f4e7-5b4e-b61e-272511c89a22 with result: Succeeded
[2026-03-31 11:45:45Z INFO Terminal] WRITE LINE: 2026-03-31 11:45:45Z: Job deploy completed with result: Succeeded
[2026-03-31 11:45:45Z INFO JobDispatcher] Stop renew job request for job 5c9b85a6-f4e7-5b4e-b61e-272511c89a22.
[2026-03-31 11:45:45Z INFO JobDispatcher] job renew has been cancelled, stop renew job 5c9b85a6-f4e7-5b4e-b61e-272511c89a22.
[2026-03-31 11:45:45Z INFO JobNotification] Entering JobCompleted Notification
[2026-03-31 11:45:45Z INFO JobNotification] Entering EndMonitor
[2026-03-31 11:45:45Z INFO BrokerMessageListener] Received job status event. JobState: Online
[2026-03-31 11:45:45Z WARN GitHubActionsService] GET request to https://broker.actions.githubusercontent.com/message?sessionId=c70ecf79-1377-412c-8204-8d85f912d95e&status=Busy&runnerVersion=2.333.1&os=Windows&architecture=X64&disableUpdate=false has been cancelled.
[2026-03-31 11:45:45Z ERR  BrokerServer] Catch exception during request
[2026-03-31 11:45:45Z ERR  BrokerServer] System.Threading.Tasks.TaskCanceledException: The operation was canceled.
 ---> System.Threading.Tasks.TaskCanceledException: The operation was canceled.
 ---> System.IO.IOException: Unable to read data from the transport connection: 스레드 종료 또는 응용 프로그램 요청 때문에 I/O 작업이 취소되었습니다..
 ---> System.Net.Sockets.SocketException (995): 스레드 종료 또는 응용 프로그램 요청 때문에 I/O 작업이 취소되었습니다.
   --- End of inner exception stack trace ---
   at System.Net.Sockets.Socket.AwaitableSocketAsyncEventArgs.System.Threading.Tasks.Sources.IValueTaskSource<System.Int32>.GetResult(Int16 token)
   at System.Net.Security.SslStream.EnsureFullTlsFrameAsync[TIOAdapter](CancellationToken cancellationToken, Int32 estimatedSize)
   at System.Runtime.CompilerServices.PoolingAsyncValueTaskMethodBuilder`1.StateMachineBox`1.System.Threading.Tasks.Sources.IValueTaskSource<TResult>.GetResult(Int16 token)
   at System.Net.Security.SslStream.ReadAsyncInternal[TIOAdapter](Memory`1 buffer, CancellationToken cancellationToken)
   at System.Runtime.CompilerServices.PoolingAsyncValueTaskMethodBuilder`1.StateMachineBox`1.System.Threading.Tasks.Sources.IValueTaskSource<TResult>.GetResult(Int16 token)
   at System.Net.Http.HttpConnection.SendAsync(HttpRequestMessage request, Boolean async, CancellationToken cancellationToken)
   --- End of inner exception stack trace ---
   at System.Net.Http.HttpConnection.SendAsync(HttpRequestMessage request, Boolean async, CancellationToken cancellationToken)
   at System.Net.Http.AuthenticationHelper.SendWithNtAuthAsync(HttpRequestMessage request, Uri authUri, Boolean async, ICredentials credentials, Boolean isProxyAuth, HttpConnection connection, HttpConnectionPool connectionPool, CancellationToken cancellationToken)
   at System.Net.Http.HttpConnectionPool.SendWithVersionDetectionAndRetryAsync(HttpRequestMessage request, Boolean async, Boolean doRequestAuth, CancellationToken cancellationToken)
   at System.Net.Http.AuthenticationHelper.SendWithAuthAsync(HttpRequestMessage request, Uri authUri, Boolean async, ICredentials credentials, Boolean preAuthenticate, Boolean isProxyAuth, Boolean doRequestAuth, HttpConnectionPool pool, CancellationToken cancellationToken)
   at System.Net.Http.RedirectHandler.SendAsync(HttpRequestMessage request, Boolean async, CancellationToken cancellationToken)
   at GitHub.Services.Common.RawHttpMessageHandler.SendAsync(HttpRequestMessage request, CancellationToken cancellationToken)
   at GitHub.Services.Common.VssHttpRetryMessageHandler.SendAsync(HttpRequestMessage request, CancellationToken cancellationToken)
   at System.Net.Http.HttpClient.<SendAsync>g__Core|83_0(HttpRequestMessage request, HttpCompletionOption completionOption, CancellationTokenSource cts, Boolean disposeCts, CancellationTokenSource pendingRequestsCts, CancellationToken originalCancellationToken)
   --- End of inner exception stack trace ---
   at System.Net.Http.HttpClient.HandleFailure(Exception e, Boolean telemetryStarted, HttpResponseMessage response, CancellationTokenSource cts, CancellationToken cancellationToken, CancellationTokenSource pendingRequestsCts)
   at System.Net.Http.HttpClient.<SendAsync>g__Core|83_0(HttpRequestMessage request, HttpCompletionOption completionOption, CancellationTokenSource cts, Boolean disposeCts, CancellationTokenSource pendingRequestsCts, CancellationToken originalCancellationToken)
   at Sdk.WebApi.WebApi.RawHttpClientBase.SendAsync(HttpRequestMessage message, HttpCompletionOption completionOption, Object userState, CancellationToken cancellationToken)
   at Sdk.WebApi.WebApi.RawHttpClientBase.SendAsync[T](HttpRequestMessage message, Boolean readErrorBody, Object userState, CancellationToken cancellationToken)
   at Sdk.WebApi.WebApi.RawHttpClientBase.SendAsync[T](HttpMethod method, IEnumerable`1 additionalHeaders, Uri requestUri, HttpContent content, IEnumerable`1 queryParameters, Boolean readErrorBody, Object userState, CancellationToken cancellationToken)
   at GitHub.Actions.RunService.WebApi.BrokerHttpClient.GetRunnerMessageAsync(Nullable`1 sessionId, String runnerVersion, Nullable`1 status, String os, String architecture, Nullable`1 disableUpdate, CancellationToken cancellationToken)
   at GitHub.Runner.Common.BrokerServer.<>c__DisplayClass7_0.<<GetRunnerMessageAsync>b__0>d.MoveNext()
--- End of stack trace from previous location ---
   at GitHub.Runner.Common.RunnerService.RetryRequest[T](Func`1 func, CancellationToken cancellationToken, Int32 maxAttempts, Func`2 shouldRetry)
[2026-03-31 11:45:45Z ERR  BrokerServer] #####################################################
[2026-03-31 11:45:45Z ERR  BrokerServer] System.Threading.Tasks.TaskCanceledException: The operation was canceled.
 ---> System.IO.IOException: Unable to read data from the transport connection: 스레드 종료 또는 응용 프로그램 요청 때문에 I/O 작업이 취소되었습니다..
 ---> System.Net.Sockets.SocketException (995): 스레드 종료 또는 응용 프로그램 요청 때문에 I/O 작업이 취소되었습니다.
   --- End of inner exception stack trace ---
   at System.Net.Sockets.Socket.AwaitableSocketAsyncEventArgs.System.Threading.Tasks.Sources.IValueTaskSource<System.Int32>.GetResult(Int16 token)
   at System.Net.Security.SslStream.EnsureFullTlsFrameAsync[TIOAdapter](CancellationToken cancellationToken, Int32 estimatedSize)
   at System.Runtime.CompilerServices.PoolingAsyncValueTaskMethodBuilder`1.StateMachineBox`1.System.Threading.Tasks.Sources.IValueTaskSource<TResult>.GetResult(Int16 token)
   at System.Net.Security.SslStream.ReadAsyncInternal[TIOAdapter](Memory`1 buffer, CancellationToken cancellationToken)
   at System.Runtime.CompilerServices.PoolingAsyncValueTaskMethodBuilder`1.StateMachineBox`1.System.Threading.Tasks.Sources.IValueTaskSource<TResult>.GetResult(Int16 token)
   at System.Net.Http.HttpConnection.SendAsync(HttpRequestMessage request, Boolean async, CancellationToken cancellationToken)
   --- End of inner exception stack trace ---
   at System.Net.Http.HttpConnection.SendAsync(HttpRequestMessage request, Boolean async, CancellationToken cancellationToken)
   at System.Net.Http.AuthenticationHelper.SendWithNtAuthAsync(HttpRequestMessage request, Uri authUri, Boolean async, ICredentials credentials, Boolean isProxyAuth, HttpConnection connection, HttpConnectionPool connectionPool, CancellationToken cancellationToken)
   at System.Net.Http.HttpConnectionPool.SendWithVersionDetectionAndRetryAsync(HttpRequestMessage request, Boolean async, Boolean doRequestAuth, CancellationToken cancellationToken)
   at System.Net.Http.AuthenticationHelper.SendWithAuthAsync(HttpRequestMessage request, Uri authUri, Boolean async, ICredentials credentials, Boolean preAuthenticate, Boolean isProxyAuth, Boolean doRequestAuth, HttpConnectionPool pool, CancellationToken cancellationToken)
   at System.Net.Http.RedirectHandler.SendAsync(HttpRequestMessage request, Boolean async, CancellationToken cancellationToken)
   at GitHub.Services.Common.RawHttpMessageHandler.SendAsync(HttpRequestMessage request, CancellationToken cancellationToken)
   at GitHub.Services.Common.VssHttpRetryMessageHandler.SendAsync(HttpRequestMessage request, CancellationToken cancellationToken)
   at System.Net.Http.HttpClient.<SendAsync>g__Core|83_0(HttpRequestMessage request, HttpCompletionOption completionOption, CancellationTokenSource cts, Boolean disposeCts, CancellationTokenSource pendingRequestsCts, CancellationToken originalCancellationToken)
[2026-03-31 11:45:45Z ERR  BrokerServer] #####################################################
[2026-03-31 11:45:45Z ERR  BrokerServer] System.IO.IOException: Unable to read data from the transport connection: 스레드 종료 또는 응용 프로그램 요청 때문에 I/O 작업이 취소되었습니다..
 ---> System.Net.Sockets.SocketException (995): 스레드 종료 또는 응용 프로그램 요청 때문에 I/O 작업이 취소되었습니다.
   --- End of inner exception stack trace ---
   at System.Net.Sockets.Socket.AwaitableSocketAsyncEventArgs.System.Threading.Tasks.Sources.IValueTaskSource<System.Int32>.GetResult(Int16 token)
   at System.Net.Security.SslStream.EnsureFullTlsFrameAsync[TIOAdapter](CancellationToken cancellationToken, Int32 estimatedSize)
   at System.Runtime.CompilerServices.PoolingAsyncValueTaskMethodBuilder`1.StateMachineBox`1.System.Threading.Tasks.Sources.IValueTaskSource<TResult>.GetResult(Int16 token)
   at System.Net.Security.SslStream.ReadAsyncInternal[TIOAdapter](Memory`1 buffer, CancellationToken cancellationToken)
   at System.Runtime.CompilerServices.PoolingAsyncValueTaskMethodBuilder`1.StateMachineBox`1.System.Threading.Tasks.Sources.IValueTaskSource<TResult>.GetResult(Int16 token)
   at System.Net.Http.HttpConnection.SendAsync(HttpRequestMessage request, Boolean async, CancellationToken cancellationToken)
[2026-03-31 11:45:45Z ERR  BrokerServer] #####################################################
[2026-03-31 11:45:45Z ERR  BrokerServer] System.Net.Sockets.SocketException (995): 스레드 종료 또는 응용 프로그램 요청 때문에 I/O 작업이 취소되었습니다.
[2026-03-31 11:45:45Z WARN BrokerServer] Back off 9.429 seconds before next retry. 4 attempt left.
[2026-03-31 11:45:45Z INFO BrokerMessageListener] Get messages has been cancelled using local token source. Continue to get messages with new status.
[2026-03-31 12:05:59Z INFO BrokerMessageListener] Acknowledging runner request '6547b24d-e88d-58b7-aa11-ee5e3c095338'.
[2026-03-31 12:05:59Z INFO ConfigurationStore] HasCredentials()
[2026-03-31 12:05:59Z INFO ConfigurationStore] stored True
[2026-03-31 12:05:59Z INFO CredentialManager] GetCredentialProvider
[2026-03-31 12:05:59Z INFO CredentialManager] Creating type OAuth
[2026-03-31 12:05:59Z INFO CredentialManager] Creating credential type: OAuth
[2026-03-31 12:05:59Z INFO RSAEncryptedFileKeyManager] Loading RSA key parameters from file C:\Users\minky\OneDrive - 경희대학교\2026-1\오픈소스\2025101824_이민규_HW2\actions-runner\.credentials_rsaparams
[2026-03-31 12:05:59Z INFO RSAEncryptedFileKeyManager] Loading RSA key parameters from file C:\Users\minky\OneDrive - 경희대학교\2026-1\오픈소스\2025101824_이민규_HW2\actions-runner\.credentials_rsaparams
[2026-03-31 12:05:59Z INFO RSAEncryptedFileKeyManager] Loading RSA key parameters from file C:\Users\minky\OneDrive - 경희대학교\2026-1\오픈소스\2025101824_이민규_HW2\actions-runner\.credentials_rsaparams
[2026-03-31 12:06:00Z INFO GitHubActionsService] AAD Correlation ID for this token request: Unknown
[2026-03-31 12:06:01Z INFO JobDispatcher] Job request 0 for plan e3a86b0f-777c-49fc-84c9-f38752aa06f6 job 6547b24d-e88d-58b7-aa11-ee5e3c095338 received.
[2026-03-31 12:06:01Z INFO JobDispatcher] Pull OrchestrationId e3a86b0f-777c-49fc-84c9-f38752aa06f6.deploy.__default from JWT claims
[2026-03-31 12:06:01Z INFO BrokerMessageListener] Received job status event. JobState: Busy
[2026-03-31 12:06:01Z INFO BrokerMessageListener] _getMessagesTokenSource is already disposed.
[2026-03-31 12:06:01Z INFO JobDispatcher] Job request 5c9b85a6-f4e7-5b4e-b61e-272511c89a22 processed succeed.
[2026-03-31 12:06:01Z INFO Terminal] WRITE LINE: 2026-03-31 12:06:01Z: Running job: deploy
[2026-03-31 12:06:01Z INFO JobDispatcher] Start renew job request 0 for job 6547b24d-e88d-58b7-aa11-ee5e3c095338.
[2026-03-31 12:06:02Z INFO JobDispatcher] Successfully renew job 6547b24d-e88d-58b7-aa11-ee5e3c095338, job is valid till 2026-03-31 오후 12:16:00
[2026-03-31 12:06:02Z INFO HostContext] Well known directory 'Bin': 'C:\Users\minky\OneDrive - 경희대학교\2026-1\오픈소스\2025101824_이민규_HW2\actions-runner\bin'
[2026-03-31 12:06:02Z INFO ProcessInvokerWrapper] Starting process:
[2026-03-31 12:06:02Z INFO ProcessInvokerWrapper]   File name: 'C:\Users\minky\OneDrive - 경희대학교\2026-1\오픈소스\2025101824_이민규_HW2\actions-runner\bin\Runner.Worker.exe'
[2026-03-31 12:06:02Z INFO ProcessInvokerWrapper]   Arguments: 'spawnclient 2464 2508'
[2026-03-31 12:06:02Z INFO ProcessInvokerWrapper]   Working directory: 'C:\Users\minky\OneDrive - 경희대학교\2026-1\오픈소스\2025101824_이민규_HW2\actions-runner\bin'
[2026-03-31 12:06:02Z INFO ProcessInvokerWrapper]   Require exit code zero: 'False'
[2026-03-31 12:06:02Z INFO ProcessInvokerWrapper]   Encoding web name:  ; code page: ''
[2026-03-31 12:06:02Z INFO ProcessInvokerWrapper]   Force kill process on cancellation: 'True'
[2026-03-31 12:06:02Z INFO ProcessInvokerWrapper]   Redirected STDIN: 'False'
[2026-03-31 12:06:02Z INFO ProcessInvokerWrapper]   Persist current code page: 'False'
[2026-03-31 12:06:02Z INFO ProcessInvokerWrapper]   Keep redirected STDIN open: 'False'
[2026-03-31 12:06:02Z INFO ProcessInvokerWrapper]   High priority process: 'True'
[2026-03-31 12:06:02Z INFO ProcessInvokerWrapper] Process started with process id 29372, waiting for process exit.
[2026-03-31 12:06:02Z INFO JobDispatcher] Send job request message to worker for job 6547b24d-e88d-58b7-aa11-ee5e3c095338.
[2026-03-31 12:06:02Z INFO ProcessChannel] Sending message of length 22231, with hash 'bbba8d417ccad3b7830ae4866950499c3e97975f472f60be245d66270c462082'
[2026-03-31 12:06:02Z INFO JobNotification] Entering JobStarted Notification
[2026-03-31 12:06:02Z INFO JobNotification] Entering StartMonitor
[2026-03-31 12:07:02Z INFO JobDispatcher] Successfully renew job 6547b24d-e88d-58b7-aa11-ee5e3c095338, job is valid till 2026-03-31 오후 12:17:01
[2026-03-31 12:08:03Z INFO JobDispatcher] Successfully renew job 6547b24d-e88d-58b7-aa11-ee5e3c095338, job is valid till 2026-03-31 오후 12:18:01
[2026-03-31 12:09:03Z INFO JobDispatcher] Successfully renew job 6547b24d-e88d-58b7-aa11-ee5e3c095338, job is valid till 2026-03-31 오후 12:19:01
[2026-03-31 12:10:03Z INFO JobDispatcher] Successfully renew job 6547b24d-e88d-58b7-aa11-ee5e3c095338, job is valid till 2026-03-31 오후 12:20:01
[2026-03-31 12:11:03Z INFO JobDispatcher] Successfully renew job 6547b24d-e88d-58b7-aa11-ee5e3c095338, job is valid till 2026-03-31 오후 12:21:02
[2026-03-31 12:11:11Z INFO ProcessInvokerWrapper] STDOUT/STDERR stream read finished.
[2026-03-31 12:11:11Z INFO ProcessInvokerWrapper] STDOUT/STDERR stream read finished.
[2026-03-31 12:11:11Z INFO ProcessInvokerWrapper] Finished process 29372 with exit code 100, and elapsed time 00:05:08.8829418.
[2026-03-31 12:11:11Z INFO JobDispatcher] Worker finished for job 6547b24d-e88d-58b7-aa11-ee5e3c095338. Code: 100
[2026-03-31 12:11:11Z INFO JobDispatcher] finish job request for job 6547b24d-e88d-58b7-aa11-ee5e3c095338 with result: Succeeded
[2026-03-31 12:11:11Z INFO Terminal] WRITE LINE: 2026-03-31 12:11:11Z: Job deploy completed with result: Succeeded
[2026-03-31 12:11:11Z INFO JobDispatcher] Stop renew job request for job 6547b24d-e88d-58b7-aa11-ee5e3c095338.
[2026-03-31 12:11:11Z INFO JobDispatcher] job renew has been cancelled, stop renew job 6547b24d-e88d-58b7-aa11-ee5e3c095338.
[2026-03-31 12:11:11Z INFO JobNotification] Entering JobCompleted Notification
[2026-03-31 12:11:11Z INFO JobNotification] Entering EndMonitor
[2026-03-31 12:11:11Z INFO BrokerMessageListener] Received job status event. JobState: Online
[2026-03-31 12:11:11Z WARN GitHubActionsService] GET request to https://broker.actions.githubusercontent.com/message?sessionId=c70ecf79-1377-412c-8204-8d85f912d95e&status=Busy&runnerVersion=2.333.1&os=Windows&architecture=X64&disableUpdate=false has been cancelled.
[2026-03-31 12:11:11Z ERR  BrokerServer] Catch exception during request
[2026-03-31 12:11:11Z ERR  BrokerServer] System.Threading.Tasks.TaskCanceledException: The operation was canceled.
 ---> System.Threading.Tasks.TaskCanceledException: The operation was canceled.
 ---> System.IO.IOException: Unable to read data from the transport connection: 스레드 종료 또는 응용 프로그램 요청 때문에 I/O 작업이 취소되었습니다..
 ---> System.Net.Sockets.SocketException (995): 스레드 종료 또는 응용 프로그램 요청 때문에 I/O 작업이 취소되었습니다.
   --- End of inner exception stack trace ---
   at System.Net.Sockets.Socket.AwaitableSocketAsyncEventArgs.System.Threading.Tasks.Sources.IValueTaskSource<System.Int32>.GetResult(Int16 token)
   at System.Net.Security.SslStream.EnsureFullTlsFrameAsync[TIOAdapter](CancellationToken cancellationToken, Int32 estimatedSize)
   at System.Runtime.CompilerServices.PoolingAsyncValueTaskMethodBuilder`1.StateMachineBox`1.System.Threading.Tasks.Sources.IValueTaskSource<TResult>.GetResult(Int16 token)
   at System.Net.Security.SslStream.ReadAsyncInternal[TIOAdapter](Memory`1 buffer, CancellationToken cancellationToken)
   at System.Runtime.CompilerServices.PoolingAsyncValueTaskMethodBuilder`1.StateMachineBox`1.System.Threading.Tasks.Sources.IValueTaskSource<TResult>.GetResult(Int16 token)
   at System.Net.Http.HttpConnection.SendAsync(HttpRequestMessage request, Boolean async, CancellationToken cancellationToken)
   --- End of inner exception stack trace ---
   at System.Net.Http.HttpConnection.SendAsync(HttpRequestMessage request, Boolean async, CancellationToken cancellationToken)
   at System.Net.Http.AuthenticationHelper.SendWithNtAuthAsync(HttpRequestMessage request, Uri authUri, Boolean async, ICredentials credentials, Boolean isProxyAuth, HttpConnection connection, HttpConnectionPool connectionPool, CancellationToken cancellationToken)
   at System.Net.Http.HttpConnectionPool.SendWithVersionDetectionAndRetryAsync(HttpRequestMessage request, Boolean async, Boolean doRequestAuth, CancellationToken cancellationToken)
   at System.Net.Http.AuthenticationHelper.SendWithAuthAsync(HttpRequestMessage request, Uri authUri, Boolean async, ICredentials credentials, Boolean preAuthenticate, Boolean isProxyAuth, Boolean doRequestAuth, HttpConnectionPool pool, CancellationToken cancellationToken)
   at System.Net.Http.RedirectHandler.SendAsync(HttpRequestMessage request, Boolean async, CancellationToken cancellationToken)
   at GitHub.Services.Common.RawHttpMessageHandler.SendAsync(HttpRequestMessage request, CancellationToken cancellationToken)
   at GitHub.Services.Common.VssHttpRetryMessageHandler.SendAsync(HttpRequestMessage request, CancellationToken cancellationToken)
   at System.Net.Http.HttpClient.<SendAsync>g__Core|83_0(HttpRequestMessage request, HttpCompletionOption completionOption, CancellationTokenSource cts, Boolean disposeCts, CancellationTokenSource pendingRequestsCts, CancellationToken originalCancellationToken)
   --- End of inner exception stack trace ---
   at System.Net.Http.HttpClient.HandleFailure(Exception e, Boolean telemetryStarted, HttpResponseMessage response, CancellationTokenSource cts, CancellationToken cancellationToken, CancellationTokenSource pendingRequestsCts)
   at System.Net.Http.HttpClient.<SendAsync>g__Core|83_0(HttpRequestMessage request, HttpCompletionOption completionOption, CancellationTokenSource cts, Boolean disposeCts, CancellationTokenSource pendingRequestsCts, CancellationToken originalCancellationToken)
   at Sdk.WebApi.WebApi.RawHttpClientBase.SendAsync(HttpRequestMessage message, HttpCompletionOption completionOption, Object userState, CancellationToken cancellationToken)
   at Sdk.WebApi.WebApi.RawHttpClientBase.SendAsync[T](HttpRequestMessage message, Boolean readErrorBody, Object userState, CancellationToken cancellationToken)
   at Sdk.WebApi.WebApi.RawHttpClientBase.SendAsync[T](HttpMethod method, IEnumerable`1 additionalHeaders, Uri requestUri, HttpContent content, IEnumerable`1 queryParameters, Boolean readErrorBody, Object userState, CancellationToken cancellationToken)
   at GitHub.Actions.RunService.WebApi.BrokerHttpClient.GetRunnerMessageAsync(Nullable`1 sessionId, String runnerVersion, Nullable`1 status, String os, String architecture, Nullable`1 disableUpdate, CancellationToken cancellationToken)
   at GitHub.Runner.Common.BrokerServer.<>c__DisplayClass7_0.<<GetRunnerMessageAsync>b__0>d.MoveNext()
--- End of stack trace from previous location ---
   at GitHub.Runner.Common.RunnerService.RetryRequest[T](Func`1 func, CancellationToken cancellationToken, Int32 maxAttempts, Func`2 shouldRetry)
[2026-03-31 12:11:11Z ERR  BrokerServer] #####################################################
[2026-03-31 12:11:11Z ERR  BrokerServer] System.Threading.Tasks.TaskCanceledException: The operation was canceled.
 ---> System.IO.IOException: Unable to read data from the transport connection: 스레드 종료 또는 응용 프로그램 요청 때문에 I/O 작업이 취소되었습니다..
 ---> System.Net.Sockets.SocketException (995): 스레드 종료 또는 응용 프로그램 요청 때문에 I/O 작업이 취소되었습니다.
   --- End of inner exception stack trace ---
   at System.Net.Sockets.Socket.AwaitableSocketAsyncEventArgs.System.Threading.Tasks.Sources.IValueTaskSource<System.Int32>.GetResult(Int16 token)
   at System.Net.Security.SslStream.EnsureFullTlsFrameAsync[TIOAdapter](CancellationToken cancellationToken, Int32 estimatedSize)
   at System.Runtime.CompilerServices.PoolingAsyncValueTaskMethodBuilder`1.StateMachineBox`1.System.Threading.Tasks.Sources.IValueTaskSource<TResult>.GetResult(Int16 token)
   at System.Net.Security.SslStream.ReadAsyncInternal[TIOAdapter](Memory`1 buffer, CancellationToken cancellationToken)
   at System.Runtime.CompilerServices.PoolingAsyncValueTaskMethodBuilder`1.StateMachineBox`1.System.Threading.Tasks.Sources.IValueTaskSource<TResult>.GetResult(Int16 token)
   at System.Net.Http.HttpConnection.SendAsync(HttpRequestMessage request, Boolean async, CancellationToken cancellationToken)
   --- End of inner exception stack trace ---
   at System.Net.Http.HttpConnection.SendAsync(HttpRequestMessage request, Boolean async, CancellationToken cancellationToken)
   at System.Net.Http.AuthenticationHelper.SendWithNtAuthAsync(HttpRequestMessage request, Uri authUri, Boolean async, ICredentials credentials, Boolean isProxyAuth, HttpConnection connection, HttpConnectionPool connectionPool, CancellationToken cancellationToken)
   at System.Net.Http.HttpConnectionPool.SendWithVersionDetectionAndRetryAsync(HttpRequestMessage request, Boolean async, Boolean doRequestAuth, CancellationToken cancellationToken)
   at System.Net.Http.AuthenticationHelper.SendWithAuthAsync(HttpRequestMessage request, Uri authUri, Boolean async, ICredentials credentials, Boolean preAuthenticate, Boolean isProxyAuth, Boolean doRequestAuth, HttpConnectionPool pool, CancellationToken cancellationToken)
   at System.Net.Http.RedirectHandler.SendAsync(HttpRequestMessage request, Boolean async, CancellationToken cancellationToken)
   at GitHub.Services.Common.RawHttpMessageHandler.SendAsync(HttpRequestMessage request, CancellationToken cancellationToken)
   at GitHub.Services.Common.VssHttpRetryMessageHandler.SendAsync(HttpRequestMessage request, CancellationToken cancellationToken)
   at System.Net.Http.HttpClient.<SendAsync>g__Core|83_0(HttpRequestMessage request, HttpCompletionOption completionOption, CancellationTokenSource cts, Boolean disposeCts, CancellationTokenSource pendingRequestsCts, CancellationToken originalCancellationToken)
[2026-03-31 12:11:11Z ERR  BrokerServer] #####################################################
[2026-03-31 12:11:11Z ERR  BrokerServer] System.IO.IOException: Unable to read data from the transport connection: 스레드 종료 또는 응용 프로그램 요청 때문에 I/O 작업이 취소되었습니다..
 ---> System.Net.Sockets.SocketException (995): 스레드 종료 또는 응용 프로그램 요청 때문에 I/O 작업이 취소되었습니다.
   --- End of inner exception stack trace ---
   at System.Net.Sockets.Socket.AwaitableSocketAsyncEventArgs.System.Threading.Tasks.Sources.IValueTaskSource<System.Int32>.GetResult(Int16 token)
   at System.Net.Security.SslStream.EnsureFullTlsFrameAsync[TIOAdapter](CancellationToken cancellationToken, Int32 estimatedSize)
   at System.Runtime.CompilerServices.PoolingAsyncValueTaskMethodBuilder`1.StateMachineBox`1.System.Threading.Tasks.Sources.IValueTaskSource<TResult>.GetResult(Int16 token)
   at System.Net.Security.SslStream.ReadAsyncInternal[TIOAdapter](Memory`1 buffer, CancellationToken cancellationToken)
   at System.Runtime.CompilerServices.PoolingAsyncValueTaskMethodBuilder`1.StateMachineBox`1.System.Threading.Tasks.Sources.IValueTaskSource<TResult>.GetResult(Int16 token)
   at System.Net.Http.HttpConnection.SendAsync(HttpRequestMessage request, Boolean async, CancellationToken cancellationToken)
[2026-03-31 12:11:11Z ERR  BrokerServer] #####################################################
[2026-03-31 12:11:11Z ERR  BrokerServer] System.Net.Sockets.SocketException (995): 스레드 종료 또는 응용 프로그램 요청 때문에 I/O 작업이 취소되었습니다.
[2026-03-31 12:11:11Z WARN BrokerServer] Back off 13.461 seconds before next retry. 4 attempt left.
[2026-03-31 12:11:11Z INFO BrokerMessageListener] Get messages has been cancelled using local token source. Continue to get messages with new status.
[2026-03-31 12:23:42Z INFO BrokerMessageListener] Acknowledging runner request 'cbfac8b4-f4fa-5750-b695-3b54703ff9f6'.
[2026-03-31 12:23:42Z INFO ConfigurationStore] HasCredentials()
[2026-03-31 12:23:42Z INFO ConfigurationStore] stored True
[2026-03-31 12:23:42Z INFO CredentialManager] GetCredentialProvider
[2026-03-31 12:23:42Z INFO CredentialManager] Creating type OAuth
[2026-03-31 12:23:42Z INFO CredentialManager] Creating credential type: OAuth
[2026-03-31 12:23:42Z INFO RSAEncryptedFileKeyManager] Loading RSA key parameters from file C:\Users\minky\OneDrive - 경희대학교\2026-1\오픈소스\2025101824_이민규_HW2\actions-runner\.credentials_rsaparams
[2026-03-31 12:23:42Z INFO RSAEncryptedFileKeyManager] Loading RSA key parameters from file C:\Users\minky\OneDrive - 경희대학교\2026-1\오픈소스\2025101824_이민규_HW2\actions-runner\.credentials_rsaparams
[2026-03-31 12:23:42Z INFO RSAEncryptedFileKeyManager] Loading RSA key parameters from file C:\Users\minky\OneDrive - 경희대학교\2026-1\오픈소스\2025101824_이민규_HW2\actions-runner\.credentials_rsaparams
[2026-03-31 12:23:43Z INFO GitHubActionsService] AAD Correlation ID for this token request: Unknown
[2026-03-31 12:23:44Z INFO JobDispatcher] Job request 0 for plan e8805e51-f3d5-4172-bc56-d6533a2f085b job cbfac8b4-f4fa-5750-b695-3b54703ff9f6 received.
[2026-03-31 12:23:44Z INFO JobDispatcher] Pull OrchestrationId e8805e51-f3d5-4172-bc56-d6533a2f085b.deploy.__default from JWT claims
[2026-03-31 12:23:44Z INFO BrokerMessageListener] Received job status event. JobState: Busy
[2026-03-31 12:23:44Z INFO BrokerMessageListener] _getMessagesTokenSource is already disposed.
[2026-03-31 12:23:44Z INFO JobDispatcher] Job request 6547b24d-e88d-58b7-aa11-ee5e3c095338 processed succeed.
[2026-03-31 12:23:44Z INFO Terminal] WRITE LINE: 2026-03-31 12:23:44Z: Running job: deploy
[2026-03-31 12:23:44Z INFO JobDispatcher] Start renew job request 0 for job cbfac8b4-f4fa-5750-b695-3b54703ff9f6.
[2026-03-31 12:23:45Z INFO JobDispatcher] Successfully renew job cbfac8b4-f4fa-5750-b695-3b54703ff9f6, job is valid till 2026-03-31 오후 12:33:43
[2026-03-31 12:23:45Z INFO HostContext] Well known directory 'Bin': 'C:\Users\minky\OneDrive - 경희대학교\2026-1\오픈소스\2025101824_이민규_HW2\actions-runner\bin'
[2026-03-31 12:23:45Z INFO ProcessInvokerWrapper] Starting process:
[2026-03-31 12:23:45Z INFO ProcessInvokerWrapper]   File name: 'C:\Users\minky\OneDrive - 경희대학교\2026-1\오픈소스\2025101824_이민규_HW2\actions-runner\bin\Runner.Worker.exe'
[2026-03-31 12:23:45Z INFO ProcessInvokerWrapper]   Arguments: 'spawnclient 2864 2876'
[2026-03-31 12:23:45Z INFO ProcessInvokerWrapper]   Working directory: 'C:\Users\minky\OneDrive - 경희대학교\2026-1\오픈소스\2025101824_이민규_HW2\actions-runner\bin'
[2026-03-31 12:23:45Z INFO ProcessInvokerWrapper]   Require exit code zero: 'False'
[2026-03-31 12:23:45Z INFO ProcessInvokerWrapper]   Encoding web name:  ; code page: ''
[2026-03-31 12:23:45Z INFO ProcessInvokerWrapper]   Force kill process on cancellation: 'True'
[2026-03-31 12:23:45Z INFO ProcessInvokerWrapper]   Redirected STDIN: 'False'
[2026-03-31 12:23:45Z INFO ProcessInvokerWrapper]   Persist current code page: 'False'
[2026-03-31 12:23:45Z INFO ProcessInvokerWrapper]   Keep redirected STDIN open: 'False'
[2026-03-31 12:23:45Z INFO ProcessInvokerWrapper]   High priority process: 'True'
[2026-03-31 12:23:45Z INFO ProcessInvokerWrapper] Process started with process id 29124, waiting for process exit.
[2026-03-31 12:23:45Z INFO JobDispatcher] Send job request message to worker for job cbfac8b4-f4fa-5750-b695-3b54703ff9f6.
[2026-03-31 12:23:45Z INFO ProcessChannel] Sending message of length 22270, with hash 'eb9aa29de5252e0917a296ad4fb35dd7495e73552c9439c98075c63340823a20'
[2026-03-31 12:23:45Z INFO JobNotification] Entering JobStarted Notification
[2026-03-31 12:23:45Z INFO JobNotification] Entering StartMonitor
[2026-03-31 12:24:11Z INFO ProcessInvokerWrapper] STDOUT/STDERR stream read finished.
[2026-03-31 12:24:11Z INFO ProcessInvokerWrapper] STDOUT/STDERR stream read finished.
[2026-03-31 12:24:11Z INFO ProcessInvokerWrapper] Finished process 29124 with exit code 100, and elapsed time 00:00:26.3271624.
[2026-03-31 12:24:11Z INFO JobDispatcher] Worker finished for job cbfac8b4-f4fa-5750-b695-3b54703ff9f6. Code: 100
[2026-03-31 12:24:11Z INFO JobDispatcher] finish job request for job cbfac8b4-f4fa-5750-b695-3b54703ff9f6 with result: Succeeded
[2026-03-31 12:24:11Z INFO Terminal] WRITE LINE: 2026-03-31 12:24:11Z: Job deploy completed with result: Succeeded
[2026-03-31 12:24:11Z INFO JobDispatcher] Stop renew job request for job cbfac8b4-f4fa-5750-b695-3b54703ff9f6.
[2026-03-31 12:24:11Z INFO JobDispatcher] job renew has been cancelled, stop renew job cbfac8b4-f4fa-5750-b695-3b54703ff9f6.
[2026-03-31 12:24:11Z INFO JobNotification] Entering JobCompleted Notification
[2026-03-31 12:24:11Z INFO JobNotification] Entering EndMonitor
[2026-03-31 12:24:11Z INFO BrokerMessageListener] Received job status event. JobState: Online
[2026-03-31 12:24:11Z WARN GitHubActionsService] GET request to https://broker.actions.githubusercontent.com/message?sessionId=c70ecf79-1377-412c-8204-8d85f912d95e&status=Busy&runnerVersion=2.333.1&os=Windows&architecture=X64&disableUpdate=false has been cancelled.
[2026-03-31 12:24:11Z ERR  BrokerServer] Catch exception during request
[2026-03-31 12:24:11Z ERR  BrokerServer] System.Threading.Tasks.TaskCanceledException: The operation was canceled.
 ---> System.Threading.Tasks.TaskCanceledException: The operation was canceled.
 ---> System.IO.IOException: Unable to read data from the transport connection: 스레드 종료 또는 응용 프로그램 요청 때문에 I/O 작업이 취소되었습니다..
 ---> System.Net.Sockets.SocketException (995): 스레드 종료 또는 응용 프로그램 요청 때문에 I/O 작업이 취소되었습니다.
   --- End of inner exception stack trace ---
   at System.Net.Sockets.Socket.AwaitableSocketAsyncEventArgs.System.Threading.Tasks.Sources.IValueTaskSource<System.Int32>.GetResult(Int16 token)
   at System.Net.Security.SslStream.EnsureFullTlsFrameAsync[TIOAdapter](CancellationToken cancellationToken, Int32 estimatedSize)
   at System.Runtime.CompilerServices.PoolingAsyncValueTaskMethodBuilder`1.StateMachineBox`1.System.Threading.Tasks.Sources.IValueTaskSource<TResult>.GetResult(Int16 token)
   at System.Net.Security.SslStream.ReadAsyncInternal[TIOAdapter](Memory`1 buffer, CancellationToken cancellationToken)
   at System.Runtime.CompilerServices.PoolingAsyncValueTaskMethodBuilder`1.StateMachineBox`1.System.Threading.Tasks.Sources.IValueTaskSource<TResult>.GetResult(Int16 token)
   at System.Net.Http.HttpConnection.<EnsureReadAheadTaskHasStarted>g__ReadAheadWithZeroByteReadAsync|40_0()
   at System.Net.Http.HttpConnection.SendAsync(HttpRequestMessage request, Boolean async, CancellationToken cancellationToken)
   --- End of inner exception stack trace ---
   at System.Net.Http.HttpConnection.SendAsync(HttpRequestMessage request, Boolean async, CancellationToken cancellationToken)
   at System.Net.Http.AuthenticationHelper.SendWithNtAuthAsync(HttpRequestMessage request, Uri authUri, Boolean async, ICredentials credentials, Boolean isProxyAuth, HttpConnection connection, HttpConnectionPool connectionPool, CancellationToken cancellationToken)
   at System.Net.Http.HttpConnectionPool.SendWithVersionDetectionAndRetryAsync(HttpRequestMessage request, Boolean async, Boolean doRequestAuth, CancellationToken cancellationToken)
   at System.Net.Http.AuthenticationHelper.SendWithAuthAsync(HttpRequestMessage request, Uri authUri, Boolean async, ICredentials credentials, Boolean preAuthenticate, Boolean isProxyAuth, Boolean doRequestAuth, HttpConnectionPool pool, CancellationToken cancellationToken)
   at System.Net.Http.RedirectHandler.SendAsync(HttpRequestMessage request, Boolean async, CancellationToken cancellationToken)
   at GitHub.Services.Common.RawHttpMessageHandler.SendAsync(HttpRequestMessage request, CancellationToken cancellationToken)
   at GitHub.Services.Common.VssHttpRetryMessageHandler.SendAsync(HttpRequestMessage request, CancellationToken cancellationToken)
   at System.Net.Http.HttpClient.<SendAsync>g__Core|83_0(HttpRequestMessage request, HttpCompletionOption completionOption, CancellationTokenSource cts, Boolean disposeCts, CancellationTokenSource pendingRequestsCts, CancellationToken originalCancellationToken)
   --- End of inner exception stack trace ---
   at System.Net.Http.HttpClient.HandleFailure(Exception e, Boolean telemetryStarted, HttpResponseMessage response, CancellationTokenSource cts, CancellationToken cancellationToken, CancellationTokenSource pendingRequestsCts)
   at System.Net.Http.HttpClient.<SendAsync>g__Core|83_0(HttpRequestMessage request, HttpCompletionOption completionOption, CancellationTokenSource cts, Boolean disposeCts, CancellationTokenSource pendingRequestsCts, CancellationToken originalCancellationToken)
   at Sdk.WebApi.WebApi.RawHttpClientBase.SendAsync(HttpRequestMessage message, HttpCompletionOption completionOption, Object userState, CancellationToken cancellationToken)
   at Sdk.WebApi.WebApi.RawHttpClientBase.SendAsync[T](HttpRequestMessage message, Boolean readErrorBody, Object userState, CancellationToken cancellationToken)
   at Sdk.WebApi.WebApi.RawHttpClientBase.SendAsync[T](HttpMethod method, IEnumerable`1 additionalHeaders, Uri requestUri, HttpContent content, IEnumerable`1 queryParameters, Boolean readErrorBody, Object userState, CancellationToken cancellationToken)
   at GitHub.Actions.RunService.WebApi.BrokerHttpClient.GetRunnerMessageAsync(Nullable`1 sessionId, String runnerVersion, Nullable`1 status, String os, String architecture, Nullable`1 disableUpdate, CancellationToken cancellationToken)
   at GitHub.Runner.Common.BrokerServer.<>c__DisplayClass7_0.<<GetRunnerMessageAsync>b__0>d.MoveNext()
--- End of stack trace from previous location ---
   at GitHub.Runner.Common.RunnerService.RetryRequest[T](Func`1 func, CancellationToken cancellationToken, Int32 maxAttempts, Func`2 shouldRetry)
[2026-03-31 12:24:11Z ERR  BrokerServer] #####################################################
[2026-03-31 12:24:11Z ERR  BrokerServer] System.Threading.Tasks.TaskCanceledException: The operation was canceled.
 ---> System.IO.IOException: Unable to read data from the transport connection: 스레드 종료 또는 응용 프로그램 요청 때문에 I/O 작업이 취소되었습니다..
 ---> System.Net.Sockets.SocketException (995): 스레드 종료 또는 응용 프로그램 요청 때문에 I/O 작업이 취소되었습니다.
   --- End of inner exception stack trace ---
   at System.Net.Sockets.Socket.AwaitableSocketAsyncEventArgs.System.Threading.Tasks.Sources.IValueTaskSource<System.Int32>.GetResult(Int16 token)
   at System.Net.Security.SslStream.EnsureFullTlsFrameAsync[TIOAdapter](CancellationToken cancellationToken, Int32 estimatedSize)
   at System.Runtime.CompilerServices.PoolingAsyncValueTaskMethodBuilder`1.StateMachineBox`1.System.Threading.Tasks.Sources.IValueTaskSource<TResult>.GetResult(Int16 token)
   at System.Net.Security.SslStream.ReadAsyncInternal[TIOAdapter](Memory`1 buffer, CancellationToken cancellationToken)
   at System.Runtime.CompilerServices.PoolingAsyncValueTaskMethodBuilder`1.StateMachineBox`1.System.Threading.Tasks.Sources.IValueTaskSource<TResult>.GetResult(Int16 token)
   at System.Net.Http.HttpConnection.<EnsureReadAheadTaskHasStarted>g__ReadAheadWithZeroByteReadAsync|40_0()
   at System.Net.Http.HttpConnection.SendAsync(HttpRequestMessage request, Boolean async, CancellationToken cancellationToken)
   --- End of inner exception stack trace ---
   at System.Net.Http.HttpConnection.SendAsync(HttpRequestMessage request, Boolean async, CancellationToken cancellationToken)
   at System.Net.Http.AuthenticationHelper.SendWithNtAuthAsync(HttpRequestMessage request, Uri authUri, Boolean async, ICredentials credentials, Boolean isProxyAuth, HttpConnection connection, HttpConnectionPool connectionPool, CancellationToken cancellationToken)
   at System.Net.Http.HttpConnectionPool.SendWithVersionDetectionAndRetryAsync(HttpRequestMessage request, Boolean async, Boolean doRequestAuth, CancellationToken cancellationToken)
   at System.Net.Http.AuthenticationHelper.SendWithAuthAsync(HttpRequestMessage request, Uri authUri, Boolean async, ICredentials credentials, Boolean preAuthenticate, Boolean isProxyAuth, Boolean doRequestAuth, HttpConnectionPool pool, CancellationToken cancellationToken)
   at System.Net.Http.RedirectHandler.SendAsync(HttpRequestMessage request, Boolean async, CancellationToken cancellationToken)
   at GitHub.Services.Common.RawHttpMessageHandler.SendAsync(HttpRequestMessage request, CancellationToken cancellationToken)
   at GitHub.Services.Common.VssHttpRetryMessageHandler.SendAsync(HttpRequestMessage request, CancellationToken cancellationToken)
   at System.Net.Http.HttpClient.<SendAsync>g__Core|83_0(HttpRequestMessage request, HttpCompletionOption completionOption, CancellationTokenSource cts, Boolean disposeCts, CancellationTokenSource pendingRequestsCts, CancellationToken originalCancellationToken)
[2026-03-31 12:24:11Z ERR  BrokerServer] #####################################################
[2026-03-31 12:24:11Z ERR  BrokerServer] System.IO.IOException: Unable to read data from the transport connection: 스레드 종료 또는 응용 프로그램 요청 때문에 I/O 작업이 취소되었습니다..
 ---> System.Net.Sockets.SocketException (995): 스레드 종료 또는 응용 프로그램 요청 때문에 I/O 작업이 취소되었습니다.
   --- End of inner exception stack trace ---
   at System.Net.Sockets.Socket.AwaitableSocketAsyncEventArgs.System.Threading.Tasks.Sources.IValueTaskSource<System.Int32>.GetResult(Int16 token)
   at System.Net.Security.SslStream.EnsureFullTlsFrameAsync[TIOAdapter](CancellationToken cancellationToken, Int32 estimatedSize)
   at System.Runtime.CompilerServices.PoolingAsyncValueTaskMethodBuilder`1.StateMachineBox`1.System.Threading.Tasks.Sources.IValueTaskSource<TResult>.GetResult(Int16 token)
   at System.Net.Security.SslStream.ReadAsyncInternal[TIOAdapter](Memory`1 buffer, CancellationToken cancellationToken)
   at System.Runtime.CompilerServices.PoolingAsyncValueTaskMethodBuilder`1.StateMachineBox`1.System.Threading.Tasks.Sources.IValueTaskSource<TResult>.GetResult(Int16 token)
   at System.Net.Http.HttpConnection.<EnsureReadAheadTaskHasStarted>g__ReadAheadWithZeroByteReadAsync|40_0()
   at System.Net.Http.HttpConnection.SendAsync(HttpRequestMessage request, Boolean async, CancellationToken cancellationToken)
[2026-03-31 12:24:11Z ERR  BrokerServer] #####################################################
[2026-03-31 12:24:11Z ERR  BrokerServer] System.Net.Sockets.SocketException (995): 스레드 종료 또는 응용 프로그램 요청 때문에 I/O 작업이 취소되었습니다.
[2026-03-31 12:24:11Z WARN BrokerServer] Back off 10.652 seconds before next retry. 4 attempt left.
[2026-03-31 12:24:11Z INFO BrokerMessageListener] Get messages has been cancelled using local token source. Continue to get messages with new status.
